[0.390s] Invoking command in '/home/demirhan/ros2_ws/src/my_robot_controller': PYTHONPATH=/home/demirhan/ros2_ws/build/my_robot_controller/prefix_override:/usr/lib/python3/dist-packages/colcon_core/task/python/colcon_distutils_commands:/home/demirhan/ros2_ws/install/my_robot_controller/lib/python3.10/site-packages:${PYTHONPATH} /usr/bin/python3 -W ignore:setup.py install is deprecated -W ignore:easy_install command is deprecated setup.py egg_info --egg-base ../../build/my_robot_controller build --build-base /home/demirhan/ros2_ws/build/my_robot_controller/build install --record /home/demirhan/ros2_ws/build/my_robot_controller/install.log --single-version-externally-managed install_data
[0.502s] running egg_info
[0.503s] writing ../../build/my_robot_controller/my_robot_controller.egg-info/PKG-INFO
[0.504s] writing dependency_links to ../../build/my_robot_controller/my_robot_controller.egg-info/dependency_links.txt
[0.504s] writing entry points to ../../build/my_robot_controller/my_robot_controller.egg-info/entry_points.txt
[0.504s] writing requirements to ../../build/my_robot_controller/my_robot_controller.egg-info/requires.txt
[0.504s] writing top-level names to ../../build/my_robot_controller/my_robot_controller.egg-info/top_level.txt
[0.505s] reading manifest file '../../build/my_robot_controller/my_robot_controller.egg-info/SOURCES.txt'
[0.505s] writing manifest file '../../build/my_robot_controller/my_robot_controller.egg-info/SOURCES.txt'
[0.505s] running build
[0.505s] running build_py
[0.505s] running install
[0.505s] running install_lib
[0.506s] running install_data
[0.506s] running install_egg_info
[0.507s] removing '/home/demirhan/ros2_ws/install/my_robot_controller/lib/python3.10/site-packages/my_robot_controller-0.0.0-py3.10.egg-info' (and everything under it)
[0.507s] Copying ../../build/my_robot_controller/my_robot_controller.egg-info to /home/demirhan/ros2_ws/install/my_robot_controller/lib/python3.10/site-packages/my_robot_controller-0.0.0-py3.10.egg-info
[0.508s] running install_scripts
[0.521s] Installing draw_circle script to /home/demirhan/ros2_ws/install/my_robot_controller/lib/my_robot_controller
[0.521s] Installing input_xy script to /home/demirhan/ros2_ws/install/my_robot_controller/lib/my_robot_controller
[0.521s] Installing randomturtles script to /home/demirhan/ros2_ws/install/my_robot_controller/lib/my_robot_controller
[0.521s] Installing test_node script to /home/demirhan/ros2_ws/install/my_robot_controller/lib/my_robot_controller
[0.521s] Installing turtle_controller script to /home/demirhan/ros2_ws/install/my_robot_controller/lib/my_robot_controller
[0.521s] writing list of installed files to '/home/demirhan/ros2_ws/build/my_robot_controller/install.log'
[0.538s] Invoked command in '/home/demirhan/ros2_ws/src/my_robot_controller' returned '0': PYTHONPATH=/home/demirhan/ros2_ws/build/my_robot_controller/prefix_override:/usr/lib/python3/dist-packages/colcon_core/task/python/colcon_distutils_commands:/home/demirhan/ros2_ws/install/my_robot_controller/lib/python3.10/site-packages:${PYTHONPATH} /usr/bin/python3 -W ignore:setup.py install is deprecated -W ignore:easy_install command is deprecated setup.py egg_info --egg-base ../../build/my_robot_controller build --build-base /home/demirhan/ros2_ws/build/my_robot_controller/build install --record /home/demirhan/ros2_ws/build/my_robot_controller/install.log --single-version-externally-managed install_data
