[0.392s] Invoking command in '/home/demirhan/ros2_ws/src/dlklc': PYTHONPATH=/home/demirhan/ros2_ws/build/dlklc/prefix_override:/usr/lib/python3/dist-packages/colcon_core/task/python/colcon_distutils_commands:/home/demirhan/ros2_ws/install/dlklc/lib/python3.10/site-packages:${PYTHONPATH} /usr/bin/python3 -W ignore:setup.py install is deprecated -W ignore:easy_install command is deprecated setup.py egg_info --egg-base ../../build/dlklc build --build-base /home/demirhan/ros2_ws/build/dlklc/build install --record /home/demirhan/ros2_ws/build/dlklc/install.log --single-version-externally-managed install_data
[0.503s] running egg_info
[0.504s] writing ../../build/dlklc/dlklc.egg-info/PKG-INFO
[0.504s] writing dependency_links to ../../build/dlklc/dlklc.egg-info/dependency_links.txt
[0.504s] writing entry points to ../../build/dlklc/dlklc.egg-info/entry_points.txt
[0.505s] writing requirements to ../../build/dlklc/dlklc.egg-info/requires.txt
[0.505s] writing top-level names to ../../build/dlklc/dlklc.egg-info/top_level.txt
[0.506s] reading manifest file '../../build/dlklc/dlklc.egg-info/SOURCES.txt'
[0.507s] writing manifest file '../../build/dlklc/dlklc.egg-info/SOURCES.txt'
[0.507s] running build
[0.507s] running build_py
[0.507s] running install
[0.507s] running install_lib
[0.508s] running install_data
[0.508s] copying launch/launch_random_turtle_messages.launch.py -> /home/demirhan/ros2_ws/install/dlklc/share/dlklc/launch
[0.508s] running install_egg_info
[0.509s] removing '/home/demirhan/ros2_ws/install/dlklc/lib/python3.10/site-packages/dlklc-0.0.0-py3.10.egg-info' (and everything under it)
[0.509s] Copying ../../build/dlklc/dlklc.egg-info to /home/demirhan/ros2_ws/install/dlklc/lib/python3.10/site-packages/dlklc-0.0.0-py3.10.egg-info
[0.510s] running install_scripts
[0.524s] Installing client_node script to /home/demirhan/ros2_ws/install/dlklc/lib/dlklc
[0.525s] Installing turtle_move script to /home/demirhan/ros2_ws/install/dlklc/lib/dlklc
[0.525s] writing list of installed files to '/home/demirhan/ros2_ws/build/dlklc/install.log'
[0.549s] Invoked command in '/home/demirhan/ros2_ws/src/dlklc' returned '0': PYTHONPATH=/home/demirhan/ros2_ws/build/dlklc/prefix_override:/usr/lib/python3/dist-packages/colcon_core/task/python/colcon_distutils_commands:/home/demirhan/ros2_ws/install/dlklc/lib/python3.10/site-packages:${PYTHONPATH} /usr/bin/python3 -W ignore:setup.py install is deprecated -W ignore:easy_install command is deprecated setup.py egg_info --egg-base ../../build/dlklc build --build-base /home/demirhan/ros2_ws/build/dlklc/build install --record /home/demirhan/ros2_ws/build/dlklc/install.log --single-version-externally-managed install_data
