running egg_info
writing ../../build/dlklc/dlklc.egg-info/PKG-INFO
writing dependency_links to ../../build/dlklc/dlklc.egg-info/dependency_links.txt
writing entry points to ../../build/dlklc/dlklc.egg-info/entry_points.txt
writing requirements to ../../build/dlklc/dlklc.egg-info/requires.txt
writing top-level names to ../../build/dlklc/dlklc.egg-info/top_level.txt
reading manifest file '../../build/dlklc/dlklc.egg-info/SOURCES.txt'
writing manifest file '../../build/dlklc/dlklc.egg-info/SOURCES.txt'
running build
running build_py
copying dlklc/randomturtlemessages.py -> /home/demirhan/ros2_ws/build/dlklc/build/lib/dlklc
running install
running install_lib
copying /home/demirhan/ros2_ws/build/dlklc/build/lib/dlklc/randomturtlemessages.py -> /home/demirhan/ros2_ws/install/dlklc/lib/python3.10/site-packages/dlklc
byte-compiling /home/demirhan/ros2_ws/install/dlklc/lib/python3.10/site-packages/dlklc/randomturtlemessages.py to randomturtlemessages.cpython-310.pyc
running install_data
copying package.xml -> /home/demirhan/ros2_ws/install/dlklc/share/dlklc
creating /home/demirhan/ros2_ws/install/dlklc/share/dlklc/msg
copying msg/TurtleInfo.msg -> /home/demirhan/ros2_ws/install/dlklc/share/dlklc/msg
running install_egg_info
removing '/home/demirhan/ros2_ws/install/dlklc/lib/python3.10/site-packages/dlklc-0.0.0-py3.10.egg-info' (and everything under it)
Copying ../../build/dlklc/dlklc.egg-info to /home/demirhan/ros2_ws/install/dlklc/lib/python3.10/site-packages/dlklc-0.0.0-py3.10.egg-info
running install_scripts
Installing client_node script to /home/demirhan/ros2_ws/install/dlklc/lib/dlklc
Installing randomturtlemessages script to /home/demirhan/ros2_ws/install/dlklc/lib/dlklc
Installing turtle_move script to /home/demirhan/ros2_ws/install/dlklc/lib/dlklc
writing list of installed files to '/home/demirhan/ros2_ws/build/dlklc/install.log'
