[0.404s] Invoking command in '/home/demirhan/ros2_ws/src/dlklc': PYTHONPATH=/home/demirhan/ros2_ws/build/dlklc/prefix_override:/usr/lib/python3/dist-packages/colcon_core/task/python/colcon_distutils_commands:/home/demirhan/ros2_ws/install/dlklc/lib/python3.10/site-packages:${PYTHONPATH} /usr/bin/python3 -W ignore:setup.py install is deprecated -W ignore:easy_install command is deprecated setup.py egg_info --egg-base ../../build/dlklc build --build-base /home/demirhan/ros2_ws/build/dlklc/build install --record /home/demirhan/ros2_ws/build/dlklc/install.log --single-version-externally-managed install_data
[0.523s] running egg_info
[0.523s] writing ../../build/dlklc/dlklc.egg-info/PKG-INFO
[0.523s] writing dependency_links to ../../build/dlklc/dlklc.egg-info/dependency_links.txt
[0.523s] writing entry points to ../../build/dlklc/dlklc.egg-info/entry_points.txt
[0.523s] writing requirements to ../../build/dlklc/dlklc.egg-info/requires.txt
[0.523s] writing top-level names to ../../build/dlklc/dlklc.egg-info/top_level.txt
[0.525s] reading manifest file '../../build/dlklc/dlklc.egg-info/SOURCES.txt'
[0.525s] writing manifest file '../../build/dlklc/dlklc.egg-info/SOURCES.txt'
[0.525s] running build
[0.525s] running build_py
[0.525s] copying dlklc/randomturtlemessages.py -> /home/demirhan/ros2_ws/build/dlklc/build/lib/dlklc
[0.526s] running install
[0.526s] running install_lib
[0.526s] copying /home/demirhan/ros2_ws/build/dlklc/build/lib/dlklc/randomturtlemessages.py -> /home/demirhan/ros2_ws/install/dlklc/lib/python3.10/site-packages/dlklc
[0.527s] byte-compiling /home/demirhan/ros2_ws/install/dlklc/lib/python3.10/site-packages/dlklc/randomturtlemessages.py to randomturtlemessages.cpython-310.pyc
[0.527s] running install_data
[0.527s] copying package.xml -> /home/demirhan/ros2_ws/install/dlklc/share/dlklc
[0.528s] creating /home/demirhan/ros2_ws/install/dlklc/share/dlklc/msg
[0.528s] copying msg/TurtleInfo.msg -> /home/demirhan/ros2_ws/install/dlklc/share/dlklc/msg
[0.528s] running install_egg_info
[0.529s] removing '/home/demirhan/ros2_ws/install/dlklc/lib/python3.10/site-packages/dlklc-0.0.0-py3.10.egg-info' (and everything under it)
[0.529s] Copying ../../build/dlklc/dlklc.egg-info to /home/demirhan/ros2_ws/install/dlklc/lib/python3.10/site-packages/dlklc-0.0.0-py3.10.egg-info
[0.530s] running install_scripts
[0.544s] Installing client_node script to /home/demirhan/ros2_ws/install/dlklc/lib/dlklc
[0.544s] Installing randomturtlemessages script to /home/demirhan/ros2_ws/install/dlklc/lib/dlklc
[0.544s] Installing turtle_move script to /home/demirhan/ros2_ws/install/dlklc/lib/dlklc
[0.544s] writing list of installed files to '/home/demirhan/ros2_ws/build/dlklc/install.log'
[0.561s] Invoked command in '/home/demirhan/ros2_ws/src/dlklc' returned '0': PYTHONPATH=/home/demirhan/ros2_ws/build/dlklc/prefix_override:/usr/lib/python3/dist-packages/colcon_core/task/python/colcon_distutils_commands:/home/demirhan/ros2_ws/install/dlklc/lib/python3.10/site-packages:${PYTHONPATH} /usr/bin/python3 -W ignore:setup.py install is deprecated -W ignore:easy_install command is deprecated setup.py egg_info --egg-base ../../build/dlklc build --build-base /home/demirhan/ros2_ws/build/dlklc/build install --record /home/demirhan/ros2_ws/build/dlklc/install.log --single-version-externally-managed install_data
