[0.438s] Invoking command in '/home/demirhan/ros2_ws/src/my_robot_controller': PYTHONPATH=/home/demirhan/ros2_ws/build/my_robot_controller/prefix_override:/usr/lib/python3/dist-packages/colcon_core/task/python/colcon_distutils_commands:/home/demirhan/ros2_ws/install/my_robot_controller/lib/python3.10/site-packages:${PYTHONPATH} /usr/bin/python3 -W ignore:setup.py install is deprecated -W ignore:easy_install command is deprecated setup.py egg_info --egg-base ../../build/my_robot_controller build --build-base /home/demirhan/ros2_ws/build/my_robot_controller/build install --record /home/demirhan/ros2_ws/build/my_robot_controller/install.log --single-version-externally-managed install_data
[0.577s] running egg_info
[0.577s] writing ../../build/my_robot_controller/my_robot_controller.egg-info/PKG-INFO
[0.577s] writing dependency_links to ../../build/my_robot_controller/my_robot_controller.egg-info/dependency_links.txt
[0.577s] writing entry points to ../../build/my_robot_controller/my_robot_controller.egg-info/entry_points.txt
[0.577s] writing requirements to ../../build/my_robot_controller/my_robot_controller.egg-info/requires.txt
[0.577s] writing top-level names to ../../build/my_robot_controller/my_robot_controller.egg-info/top_level.txt
[0.579s] reading manifest file '../../build/my_robot_controller/my_robot_controller.egg-info/SOURCES.txt'
[0.586s] writing manifest file '../../build/my_robot_controller/my_robot_controller.egg-info/SOURCES.txt'
[0.586s] running build
[0.586s] running build_py
[0.586s] running install
[0.587s] running install_lib
[0.588s] running install_data
[0.588s] running install_egg_info
[0.589s] removing '/home/demirhan/ros2_ws/install/my_robot_controller/lib/python3.10/site-packages/my_robot_controller-0.0.0-py3.10.egg-info' (and everything under it)
[0.589s] Copying ../../build/my_robot_controller/my_robot_controller.egg-info to /home/demirhan/ros2_ws/install/my_robot_controller/lib/python3.10/site-packages/my_robot_controller-0.0.0-py3.10.egg-info
[0.590s] running install_scripts
[0.602s] Installing draw_circle script to /home/demirhan/ros2_ws/install/my_robot_controller/lib/my_robot_controller
[0.602s] Installing input_xy script to /home/demirhan/ros2_ws/install/my_robot_controller/lib/my_robot_controller
[0.602s] Installing randomturtles script to /home/demirhan/ros2_ws/install/my_robot_controller/lib/my_robot_controller
[0.602s] Installing test_node script to /home/demirhan/ros2_ws/install/my_robot_controller/lib/my_robot_controller
[0.602s] Installing turtle_controller script to /home/demirhan/ros2_ws/install/my_robot_controller/lib/my_robot_controller
[0.603s] writing list of installed files to '/home/demirhan/ros2_ws/build/my_robot_controller/install.log'
[0.617s] Invoked command in '/home/demirhan/ros2_ws/src/my_robot_controller' returned '0': PYTHONPATH=/home/demirhan/ros2_ws/build/my_robot_controller/prefix_override:/usr/lib/python3/dist-packages/colcon_core/task/python/colcon_distutils_commands:/home/demirhan/ros2_ws/install/my_robot_controller/lib/python3.10/site-packages:${PYTHONPATH} /usr/bin/python3 -W ignore:setup.py install is deprecated -W ignore:easy_install command is deprecated setup.py egg_info --egg-base ../../build/my_robot_controller build --build-base /home/demirhan/ros2_ws/build/my_robot_controller/build install --record /home/demirhan/ros2_ws/build/my_robot_controller/install.log --single-version-externally-managed install_data
