[0.282s] Invoking command in '/home/demirhan/ros2_ws/src/dlklc': AMENT_PREFIX_PATH=/home/demirhan/ros2_ws/install/getirkurye:${AMENT_PREFIX_PATH} CMAKE_PREFIX_PATH=/home/demirhan/ros2_ws/install/getirkurye LD_LIBRARY_PATH=/home/demirhan/ros2_ws/install/getirkurye/lib:${LD_LIBRARY_PATH} PYTHONPATH=/home/demirhan/ros2_ws/build/dlklc/prefix_override:/usr/lib/python3/dist-packages/colcon_core/task/python/colcon_distutils_commands:/home/demirhan/ros2_ws/install/dlklc/lib/python3.10/site-packages:/home/demirhan/ros2_ws/install/getirkurye/local/lib/python3.10/dist-packages:${PYTHONPATH} /usr/bin/python3 -W ignore:setup.py install is deprecated -W ignore:easy_install command is deprecated setup.py egg_info --egg-base ../../build/dlklc build --build-base /home/demirhan/ros2_ws/build/dlklc/build install --record /home/demirhan/ros2_ws/build/dlklc/install.log --single-version-externally-managed install_data
[0.395s] running egg_info
[0.395s] writing ../../build/dlklc/dlklc.egg-info/PKG-INFO
[0.395s] writing dependency_links to ../../build/dlklc/dlklc.egg-info/dependency_links.txt
[0.396s] writing entry points to ../../build/dlklc/dlklc.egg-info/entry_points.txt
[0.396s] writing requirements to ../../build/dlklc/dlklc.egg-info/requires.txt
[0.396s] writing top-level names to ../../build/dlklc/dlklc.egg-info/top_level.txt
[0.397s] reading manifest file '../../build/dlklc/dlklc.egg-info/SOURCES.txt'
[0.397s] writing manifest file '../../build/dlklc/dlklc.egg-info/SOURCES.txt'
[0.397s] running build
[0.397s] running build_py
[0.397s] copying dlklc/randomturtlemessages.py -> /home/demirhan/ros2_ws/build/dlklc/build/lib/dlklc
[0.397s] copying dlklc/turtle_move.py -> /home/demirhan/ros2_ws/build/dlklc/build/lib/dlklc
[0.397s] running install
[0.397s] running install_lib
[0.398s] copying /home/demirhan/ros2_ws/build/dlklc/build/lib/dlklc/randomturtlemessages.py -> /home/demirhan/ros2_ws/install/dlklc/lib/python3.10/site-packages/dlklc
[0.398s] copying /home/demirhan/ros2_ws/build/dlklc/build/lib/dlklc/turtle_move.py -> /home/demirhan/ros2_ws/install/dlklc/lib/python3.10/site-packages/dlklc
[0.398s] byte-compiling /home/demirhan/ros2_ws/install/dlklc/lib/python3.10/site-packages/dlklc/randomturtlemessages.py to randomturtlemessages.cpython-310.pyc
[0.399s] byte-compiling /home/demirhan/ros2_ws/install/dlklc/lib/python3.10/site-packages/dlklc/turtle_move.py to turtle_move.cpython-310.pyc
[0.399s] running install_data
[0.399s] copying package.xml -> /home/demirhan/ros2_ws/install/dlklc/share/dlklc
[0.399s] copying launch/launch_random_turtle_messages.launch.py -> /home/demirhan/ros2_ws/install/dlklc/share/dlklc/launch
[0.399s] running install_egg_info
[0.400s] removing '/home/demirhan/ros2_ws/install/dlklc/lib/python3.10/site-packages/dlklc-0.0.0-py3.10.egg-info' (and everything under it)
[0.400s] Copying ../../build/dlklc/dlklc.egg-info to /home/demirhan/ros2_ws/install/dlklc/lib/python3.10/site-packages/dlklc-0.0.0-py3.10.egg-info
[0.401s] running install_scripts
[0.413s] Installing client_node script to /home/demirhan/ros2_ws/install/dlklc/lib/dlklc
[0.413s] Installing randomturtlemessages script to /home/demirhan/ros2_ws/install/dlklc/lib/dlklc
[0.413s] Installing turtle_move script to /home/demirhan/ros2_ws/install/dlklc/lib/dlklc
[0.413s] writing list of installed files to '/home/demirhan/ros2_ws/build/dlklc/install.log'
[0.425s] Invoked command in '/home/demirhan/ros2_ws/src/dlklc' returned '0': AMENT_PREFIX_PATH=/home/demirhan/ros2_ws/install/getirkurye:${AMENT_PREFIX_PATH} CMAKE_PREFIX_PATH=/home/demirhan/ros2_ws/install/getirkurye LD_LIBRARY_PATH=/home/demirhan/ros2_ws/install/getirkurye/lib:${LD_LIBRARY_PATH} PYTHONPATH=/home/demirhan/ros2_ws/build/dlklc/prefix_override:/usr/lib/python3/dist-packages/colcon_core/task/python/colcon_distutils_commands:/home/demirhan/ros2_ws/install/dlklc/lib/python3.10/site-packages:/home/demirhan/ros2_ws/install/getirkurye/local/lib/python3.10/dist-packages:${PYTHONPATH} /usr/bin/python3 -W ignore:setup.py install is deprecated -W ignore:easy_install command is deprecated setup.py egg_info --egg-base ../../build/dlklc build --build-base /home/demirhan/ros2_ws/build/dlklc/build install --record /home/demirhan/ros2_ws/build/dlklc/install.log --single-version-externally-managed install_data
