[0.012s] Invoking command in '/home/demirhan/ros2_ws/build/getirkurye': CMAKE_PREFIX_PATH=/home/demirhan/ros2_ws/install/my_robot_controller:/home/demirhan/ros2_ws/install/dlklc:/opt/ros/humble /usr/bin/cmake /home/demirhan/ros2_ws/src/getirkurye -DCMAKE_INSTALL_PREFIX=/home/demirhan/ros2_ws/install/getirkurye
[0.075s] -- The C compiler identification is GNU 11.4.0
[0.121s] -- The CXX compiler identification is GNU 11.4.0
[0.127s] -- Detecting C compiler ABI info
[0.177s] -- Detecting C compiler ABI info - done
[0.181s] -- Check for working C compiler: /usr/bin/cc - skipped
[0.182s] -- Detecting C compile features
[0.182s] -- Detecting C compile features - done
[0.184s] -- Detecting CXX compiler ABI info
[0.238s] -- Detecting CXX compiler ABI info - done
[0.242s] -- Check for working CXX compiler: /usr/bin/c++ - skipped
[0.242s] -- Detecting CXX compile features
[0.242s] -- Detecting CXX compile features - done
[0.245s] -- Found ament_cmake: 1.3.10 (/opt/ros/humble/share/ament_cmake/cmake)
[0.337s] -- Found Python3: /usr/bin/python3 (found version "3.10.12") found components: Interpreter 
[0.397s] -- Found geometry_msgs: 4.2.4 (/opt/ros/humble/share/geometry_msgs/cmake)
[0.424s] -- Found rosidl_generator_c: 3.1.5 (/opt/ros/humble/share/rosidl_generator_c/cmake)
[0.428s] -- Found rosidl_adapter: 3.1.5 (/opt/ros/humble/share/rosidl_adapter/cmake)
[0.435s] -- Found rosidl_generator_cpp: 3.1.5 (/opt/ros/humble/share/rosidl_generator_cpp/cmake)
[0.443s] -- Using all available rosidl_typesupport_c: rosidl_typesupport_fastrtps_c;rosidl_typesupport_introspection_c
[0.454s] -- Using all available rosidl_typesupport_cpp: rosidl_typesupport_fastrtps_cpp;rosidl_typesupport_introspection_cpp
[0.482s] -- Found rosidl_default_generators: 1.2.0 (/opt/ros/humble/share/rosidl_default_generators/cmake)
[0.487s] -- Configuring incomplete, errors occurred!
[0.487s] See also "/home/demirhan/ros2_ws/build/getirkurye/CMakeFiles/CMakeOutput.log".
[0.487s] [31mCMake Error at /opt/ros/humble/share/rosidl_cmake/cmake/rosidl_generate_interfaces.cmake:93 (message):
[0.487s]   rosidl_generate_interfaces() the passed file 'msg/Sphere.msg' doesn't exist
[0.487s]   relative to the CMAKE_CURRENT_SOURCE_DIR
[0.487s]   '/home/demirhan/ros2_ws/src/getirkurye'
[0.487s] Call Stack (most recent call first):
[0.487s]   CMakeLists.txt:16 (rosidl_generate_interfaces)
[0.487s] 
[0.487s] [0m
[0.491s] Invoked command in '/home/demirhan/ros2_ws/build/getirkurye' returned '1': CMAKE_PREFIX_PATH=/home/demirhan/ros2_ws/install/my_robot_controller:/home/demirhan/ros2_ws/install/dlklc:/opt/ros/humble /usr/bin/cmake /home/demirhan/ros2_ws/src/getirkurye -DCMAKE_INSTALL_PREFIX=/home/demirhan/ros2_ws/install/getirkurye
