[0.009s] Invoking command in '/home/demirhan/ros2_ws/build/getirkurye': CMAKE_PREFIX_PATH=${CMAKE_PREFIX_PATH}:/home/demirhan/ros2_ws/install/my_robot_controller:/home/demirhan/ros2_ws/install/dlklc:/opt/ros/humble /usr/bin/cmake --build /home/demirhan/ros2_ws/build/getirkurye -- -j20 -l20
[0.024s] -- Found ament_cmake: 1.3.10 (/opt/ros/humble/share/ament_cmake/cmake)
[0.098s] -- Found geometry_msgs: 4.2.4 (/opt/ros/humble/share/geometry_msgs/cmake)
[0.111s] -- Found rosidl_generator_c: 3.1.5 (/opt/ros/humble/share/rosidl_generator_c/cmake)
[0.112s] -- Found rosidl_adapter: 3.1.5 (/opt/ros/humble/share/rosidl_adapter/cmake)
[0.115s] -- Found rosidl_generator_cpp: 3.1.5 (/opt/ros/humble/share/rosidl_generator_cpp/cmake)
[0.121s] -- Using all available rosidl_typesupport_c: rosidl_typesupport_fastrtps_c;rosidl_typesupport_introspection_c
[0.128s] -- Using all available rosidl_typesupport_cpp: rosidl_typesupport_fastrtps_cpp;rosidl_typesupport_introspection_cpp
[0.147s] -- Found rosidl_default_generators: 1.2.0 (/opt/ros/humble/share/rosidl_default_generators/cmake)
[0.313s] -- Found ament_cmake_ros: 0.10.0 (/opt/ros/humble/share/ament_cmake_ros/cmake)
[0.571s] -- Using all available rosidl_typesupport_c: rosidl_typesupport_fastrtps_c;rosidl_typesupport_introspection_c
[0.661s] -- Using all available rosidl_typesupport_cpp: rosidl_typesupport_fastrtps_cpp;rosidl_typesupport_introspection_cpp
[0.674s] -- Found python_cmake_module: 0.10.0 (/opt/ros/humble/share/python_cmake_module/cmake)
[0.686s] -- Using PYTHON_EXECUTABLE: /usr/bin/python3
[0.686s] -- Using PYTHON_INCLUDE_DIRS: /usr/include/python3.10
[0.686s] -- Using PYTHON_LIBRARIES: /usr/lib/x86_64-linux-gnu/libpython3.10.so
[0.704s] -- Found ament_lint_auto: 0.12.11 (/opt/ros/humble/share/ament_lint_auto/cmake)
[0.708s] -- Added test 'lint_cmake' to check CMake code style
[0.708s] -- Added test 'xmllint' to check XML markup files
[0.709s] -- Configuring done
[0.725s] -- Generating done
[0.731s] -- Build files have been written to: /home/demirhan/ros2_ws/build/getirkurye
[0.748s] [  2%] [34m[1mGenerating C code for ROS interfaces[0m
[0.755s] [  5%] [34m[1mGenerating C++ code for ROS interfaces[0m
[0.760s] [  5%] Built target ament_cmake_python_copy_getirkurye
[0.884s] running egg_info
[0.884s] writing getirkurye.egg-info/PKG-INFO
[0.884s] writing dependency_links to getirkurye.egg-info/dependency_links.txt
[0.884s] writing top-level names to getirkurye.egg-info/top_level.txt
[0.885s] reading manifest file 'getirkurye.egg-info/SOURCES.txt'
[0.886s] writing manifest file 'getirkurye.egg-info/SOURCES.txt'
[0.901s] [  5%] Built target ament_cmake_python_build_getirkurye_egg
[0.922s] [35m[1mConsolidate compiler generated dependencies of target getirkurye__rosidl_generator_c[0m
[0.923s] [  5%] Built target getirkurye__cpp
[0.930s] [  7%] [32mBuilding C object CMakeFiles/getirkurye__rosidl_generator_c.dir/rosidl_generator_c/getirkurye/srv/detail/set_coordinates__functions.c.o[0m
[0.931s] [ 10%] [34m[1mGenerating C++ type support for eProsima Fast-RTPS[0m
[0.932s] [ 12%] [32mBuilding C object CMakeFiles/getirkurye__rosidl_generator_c.dir/rosidl_generator_c/getirkurye/msg/detail/turtle_info__functions.c.o[0m
[0.932s] [ 15%] [34m[1mGenerating C++ type support dispatch for ROS interfaces[0m
[0.932s] [ 17%] [34m[1mGenerating C++ introspection for ROS interfaces[0m
[0.970s] [ 20%] [32m[1mLinking C shared library libgetirkurye__rosidl_generator_c.so[0m
[0.998s] [ 20%] Built target getirkurye__rosidl_generator_c
[1.005s] [ 23%] [34m[1mGenerating C type support dispatch for ROS interfaces[0m
[1.007s] [ 28%] [34m[1mGenerating C type support for eProsima Fast-RTPS[0m
[1.007s] [ 28%] [34m[1mGenerating C introspection for ROS interfaces[0m
[1.083s] [35m[1mConsolidate compiler generated dependencies of target getirkurye__rosidl_typesupport_cpp[0m
[1.095s] [ 33%] [32mBuilding CXX object CMakeFiles/getirkurye__rosidl_typesupport_cpp.dir/rosidl_typesupport_cpp/getirkurye/srv/set_coordinates__type_support.cpp.o[0m
[1.095s] [ 33%] [32mBuilding CXX object CMakeFiles/getirkurye__rosidl_typesupport_cpp.dir/rosidl_typesupport_cpp/getirkurye/msg/turtle_info__type_support.cpp.o[0m
[1.097s] [35m[1mConsolidate compiler generated dependencies of target getirkurye__rosidl_typesupport_introspection_cpp[0m
[1.108s] [ 35%] [32mBuilding CXX object CMakeFiles/getirkurye__rosidl_typesupport_introspection_cpp.dir/rosidl_typesupport_introspection_cpp/getirkurye/msg/detail/turtle_info__type_support.cpp.o[0m
[1.110s] [ 38%] [32mBuilding CXX object CMakeFiles/getirkurye__rosidl_typesupport_introspection_cpp.dir/rosidl_typesupport_introspection_cpp/getirkurye/srv/detail/set_coordinates__type_support.cpp.o[0m
[1.112s] [35m[1mConsolidate compiler generated dependencies of target getirkurye__rosidl_typesupport_fastrtps_cpp[0m
[1.125s] [ 43%] [32mBuilding CXX object CMakeFiles/getirkurye__rosidl_typesupport_fastrtps_cpp.dir/rosidl_typesupport_fastrtps_cpp/getirkurye/srv/detail/dds_fastrtps/set_coordinates__type_support.cpp.o[0m
[1.125s] [ 43%] [32mBuilding CXX object CMakeFiles/getirkurye__rosidl_typesupport_fastrtps_cpp.dir/rosidl_typesupport_fastrtps_cpp/getirkurye/msg/detail/dds_fastrtps/turtle_info__type_support.cpp.o[0m
[1.168s] [35m[1mConsolidate compiler generated dependencies of target getirkurye__rosidl_typesupport_c[0m
[1.179s] [ 48%] [32mBuilding CXX object CMakeFiles/getirkurye__rosidl_typesupport_c.dir/rosidl_typesupport_c/getirkurye/msg/turtle_info__type_support.cpp.o[0m
[1.179s] [ 48%] [32mBuilding CXX object CMakeFiles/getirkurye__rosidl_typesupport_c.dir/rosidl_typesupport_c/getirkurye/srv/set_coordinates__type_support.cpp.o[0m
[1.201s] [35m[1mConsolidate compiler generated dependencies of target getirkurye__rosidl_typesupport_introspection_c[0m
[1.203s] [ 51%] [32m[1mLinking CXX shared library libgetirkurye__rosidl_typesupport_c.so[0m
[1.204s] [35m[1mConsolidate compiler generated dependencies of target getirkurye__rosidl_typesupport_fastrtps_c[0m
[1.210s] [ 56%] [32mBuilding C object CMakeFiles/getirkurye__rosidl_typesupport_introspection_c.dir/rosidl_typesupport_introspection_c/getirkurye/srv/detail/set_coordinates__type_support.c.o[0m
[1.210s] [ 56%] [32mBuilding C object CMakeFiles/getirkurye__rosidl_typesupport_introspection_c.dir/rosidl_typesupport_introspection_c/getirkurye/msg/detail/turtle_info__type_support.c.o[0m
[1.215s] [ 58%] [32mBuilding CXX object CMakeFiles/getirkurye__rosidl_typesupport_fastrtps_c.dir/rosidl_typesupport_fastrtps_c/getirkurye/srv/detail/set_coordinates__type_support_c.cpp.o[0m
[1.217s] [ 61%] [32mBuilding CXX object CMakeFiles/getirkurye__rosidl_typesupport_fastrtps_c.dir/rosidl_typesupport_fastrtps_c/getirkurye/msg/detail/turtle_info__type_support_c.cpp.o[0m
[1.235s] [ 61%] Built target getirkurye__rosidl_typesupport_c
[1.242s] [ 64%] [32m[1mLinking C shared library libgetirkurye__rosidl_typesupport_introspection_c.so[0m
[1.263s] [ 64%] Built target getirkurye__rosidl_typesupport_introspection_c
[1.284s] [ 66%] [32m[1mLinking CXX shared library libgetirkurye__rosidl_typesupport_cpp.so[0m
[1.315s] [ 66%] Built target getirkurye__rosidl_typesupport_cpp
[1.368s] [ 69%] [32m[1mLinking CXX shared library libgetirkurye__rosidl_typesupport_introspection_cpp.so[0m
[1.413s] [ 69%] Built target getirkurye__rosidl_typesupport_introspection_cpp
[1.439s] [ 71%] [32m[1mLinking CXX shared library libgetirkurye__rosidl_typesupport_fastrtps_c.so[0m
[1.442s] [ 74%] [32m[1mLinking CXX shared library libgetirkurye__rosidl_typesupport_fastrtps_cpp.so[0m
[1.481s] [ 74%] Built target getirkurye__rosidl_typesupport_fastrtps_c
[1.487s] [ 74%] Built target getirkurye__rosidl_typesupport_fastrtps_cpp
[1.500s] [ 74%] Built target getirkurye
[1.516s] [ 76%] [34m[1mGenerating Python code for ROS interfaces[0m
[1.749s] [ 76%] Built target getirkurye__py
[1.756s] [35m[1mConsolidate compiler generated dependencies of target getirkurye__rosidl_generator_py[0m
[1.763s] [ 79%] [32mBuilding C object CMakeFiles/getirkurye__rosidl_generator_py.dir/rosidl_generator_py/getirkurye/msg/_turtle_info_s.c.o[0m
[1.764s] [ 82%] [32mBuilding C object CMakeFiles/getirkurye__rosidl_generator_py.dir/rosidl_generator_py/getirkurye/srv/_set_coordinates_s.c.o[0m
[1.818s] [ 84%] [32m[1mLinking C shared library rosidl_generator_py/getirkurye/libgetirkurye__rosidl_generator_py.so[0m
[1.846s] [ 84%] Built target getirkurye__rosidl_generator_py
[1.852s] [35m[1mConsolidate compiler generated dependencies of target getirkurye__rosidl_typesupport_fastrtps_c__pyext[0m
[1.853s] [35m[1mConsolidate compiler generated dependencies of target getirkurye__rosidl_typesupport_introspection_c__pyext[0m
[1.854s] [35m[1mConsolidate compiler generated dependencies of target getirkurye__rosidl_typesupport_c__pyext[0m
[1.861s] [ 87%] [32mBuilding C object CMakeFiles/getirkurye__rosidl_typesupport_fastrtps_c__pyext.dir/rosidl_generator_py/getirkurye/_getirkurye_s.ep.rosidl_typesupport_fastrtps_c.c.o[0m
[1.863s] [ 89%] [32mBuilding C object CMakeFiles/getirkurye__rosidl_typesupport_c__pyext.dir/rosidl_generator_py/getirkurye/_getirkurye_s.ep.rosidl_typesupport_c.c.o[0m
[1.863s] [ 92%] [32mBuilding C object CMakeFiles/getirkurye__rosidl_typesupport_introspection_c__pyext.dir/rosidl_generator_py/getirkurye/_getirkurye_s.ep.rosidl_typesupport_introspection_c.c.o[0m
[1.920s] [ 94%] [32m[1mLinking C shared library rosidl_generator_py/getirkurye/getirkurye_s__rosidl_typesupport_fastrtps_c.cpython-310-x86_64-linux-gnu.so[0m
[1.922s] [ 97%] [32m[1mLinking C shared library rosidl_generator_py/getirkurye/getirkurye_s__rosidl_typesupport_c.cpython-310-x86_64-linux-gnu.so[0m
[1.923s] [100%] [32m[1mLinking C shared library rosidl_generator_py/getirkurye/getirkurye_s__rosidl_typesupport_introspection_c.cpython-310-x86_64-linux-gnu.so[0m
[1.950s] [100%] Built target getirkurye__rosidl_typesupport_fastrtps_c__pyext
[1.950s] [100%] Built target getirkurye__rosidl_typesupport_introspection_c__pyext
[1.950s] [100%] Built target getirkurye__rosidl_typesupport_c__pyext
[1.958s] Invoked command in '/home/demirhan/ros2_ws/build/getirkurye' returned '0': CMAKE_PREFIX_PATH=${CMAKE_PREFIX_PATH}:/home/demirhan/ros2_ws/install/my_robot_controller:/home/demirhan/ros2_ws/install/dlklc:/opt/ros/humble /usr/bin/cmake --build /home/demirhan/ros2_ws/build/getirkurye -- -j20 -l20
[1.965s] Invoking command in '/home/demirhan/ros2_ws/build/getirkurye': CMAKE_PREFIX_PATH=${CMAKE_PREFIX_PATH}:/home/demirhan/ros2_ws/install/my_robot_controller:/home/demirhan/ros2_ws/install/dlklc:/opt/ros/humble /usr/bin/cmake --install /home/demirhan/ros2_ws/build/getirkurye
[1.971s] -- Install configuration: ""
[1.971s] -- Up-to-date: /home/demirhan/ros2_ws/install/getirkurye/share/ament_index/resource_index/rosidl_interfaces/getirkurye
[1.971s] -- Up-to-date: /home/demirhan/ros2_ws/install/getirkurye/include/getirkurye/getirkurye
[1.971s] -- Up-to-date: /home/demirhan/ros2_ws/install/getirkurye/include/getirkurye/getirkurye/msg
[1.971s] -- Up-to-date: /home/demirhan/ros2_ws/install/getirkurye/include/getirkurye/getirkurye/msg/rosidl_generator_c__visibility_control.h
[1.971s] -- Installing: /home/demirhan/ros2_ws/install/getirkurye/include/getirkurye/getirkurye/msg/turtle_info.h
[1.971s] -- Up-to-date: /home/demirhan/ros2_ws/install/getirkurye/include/getirkurye/getirkurye/msg/detail
[1.971s] -- Installing: /home/demirhan/ros2_ws/install/getirkurye/include/getirkurye/getirkurye/msg/detail/turtle_info__struct.h
[1.971s] -- Installing: /home/demirhan/ros2_ws/install/getirkurye/include/getirkurye/getirkurye/msg/detail/turtle_info__functions.c
[1.971s] -- Installing: /home/demirhan/ros2_ws/install/getirkurye/include/getirkurye/getirkurye/msg/detail/turtle_info__type_support.h
[1.972s] -- Installing: /home/demirhan/ros2_ws/install/getirkurye/include/getirkurye/getirkurye/msg/detail/turtle_info__functions.h
[1.972s] -- Up-to-date: /home/demirhan/ros2_ws/install/getirkurye/include/getirkurye/getirkurye/srv
[1.972s] -- Installing: /home/demirhan/ros2_ws/install/getirkurye/include/getirkurye/getirkurye/srv/set_coordinates.h
[1.972s] -- Up-to-date: /home/demirhan/ros2_ws/install/getirkurye/include/getirkurye/getirkurye/srv/detail
[1.972s] -- Installing: /home/demirhan/ros2_ws/install/getirkurye/include/getirkurye/getirkurye/srv/detail/set_coordinates__struct.h
[1.972s] -- Installing: /home/demirhan/ros2_ws/install/getirkurye/include/getirkurye/getirkurye/srv/detail/set_coordinates__functions.h
[1.972s] -- Installing: /home/demirhan/ros2_ws/install/getirkurye/include/getirkurye/getirkurye/srv/detail/set_coordinates__type_support.h
[1.972s] -- Installing: /home/demirhan/ros2_ws/install/getirkurye/include/getirkurye/getirkurye/srv/detail/set_coordinates__functions.c
[1.972s] -- Up-to-date: /home/demirhan/ros2_ws/install/getirkurye/share/getirkurye/environment/library_path.sh
[1.972s] -- Installing: /home/demirhan/ros2_ws/install/getirkurye/share/getirkurye/environment/library_path.dsv
[1.972s] -- Installing: /home/demirhan/ros2_ws/install/getirkurye/lib/libgetirkurye__rosidl_generator_c.so
[1.972s] -- Set runtime path of "/home/demirhan/ros2_ws/install/getirkurye/lib/libgetirkurye__rosidl_generator_c.so" to ""
[1.972s] -- Up-to-date: /home/demirhan/ros2_ws/install/getirkurye/include/getirkurye/getirkurye
[1.972s] -- Up-to-date: /home/demirhan/ros2_ws/install/getirkurye/include/getirkurye/getirkurye/msg
[1.972s] -- Up-to-date: /home/demirhan/ros2_ws/install/getirkurye/include/getirkurye/getirkurye/msg/detail
[1.972s] -- Installing: /home/demirhan/ros2_ws/install/getirkurye/include/getirkurye/getirkurye/msg/detail/turtle_info__rosidl_typesupport_fastrtps_c.h
[1.972s] -- Up-to-date: /home/demirhan/ros2_ws/install/getirkurye/include/getirkurye/getirkurye/msg/rosidl_typesupport_fastrtps_c__visibility_control.h
[1.972s] -- Up-to-date: /home/demirhan/ros2_ws/install/getirkurye/include/getirkurye/getirkurye/srv
[1.972s] -- Up-to-date: /home/demirhan/ros2_ws/install/getirkurye/include/getirkurye/getirkurye/srv/detail
[1.972s] -- Installing: /home/demirhan/ros2_ws/install/getirkurye/include/getirkurye/getirkurye/srv/detail/set_coordinates__rosidl_typesupport_fastrtps_c.h
[1.972s] -- Installing: /home/demirhan/ros2_ws/install/getirkurye/lib/libgetirkurye__rosidl_typesupport_fastrtps_c.so
[1.972s] -- Set runtime path of "/home/demirhan/ros2_ws/install/getirkurye/lib/libgetirkurye__rosidl_typesupport_fastrtps_c.so" to ""
[1.972s] -- Up-to-date: /home/demirhan/ros2_ws/install/getirkurye/include/getirkurye/getirkurye
[1.973s] -- Up-to-date: /home/demirhan/ros2_ws/install/getirkurye/include/getirkurye/getirkurye/msg
[1.973s] -- Installing: /home/demirhan/ros2_ws/install/getirkurye/include/getirkurye/getirkurye/msg/turtle_info.hpp
[1.973s] -- Up-to-date: /home/demirhan/ros2_ws/install/getirkurye/include/getirkurye/getirkurye/msg/detail
[1.973s] -- Installing: /home/demirhan/ros2_ws/install/getirkurye/include/getirkurye/getirkurye/msg/detail/turtle_info__struct.hpp
[1.973s] -- Installing: /home/demirhan/ros2_ws/install/getirkurye/include/getirkurye/getirkurye/msg/detail/turtle_info__traits.hpp
[1.973s] -- Installing: /home/demirhan/ros2_ws/install/getirkurye/include/getirkurye/getirkurye/msg/detail/turtle_info__builder.hpp
[1.973s] -- Up-to-date: /home/demirhan/ros2_ws/install/getirkurye/include/getirkurye/getirkurye/srv
[1.973s] -- Installing: /home/demirhan/ros2_ws/install/getirkurye/include/getirkurye/getirkurye/srv/set_coordinates.hpp
[1.973s] -- Up-to-date: /home/demirhan/ros2_ws/install/getirkurye/include/getirkurye/getirkurye/srv/detail
[1.973s] -- Installing: /home/demirhan/ros2_ws/install/getirkurye/include/getirkurye/getirkurye/srv/detail/set_coordinates__traits.hpp
[1.973s] -- Installing: /home/demirhan/ros2_ws/install/getirkurye/include/getirkurye/getirkurye/srv/detail/set_coordinates__builder.hpp
[1.973s] -- Installing: /home/demirhan/ros2_ws/install/getirkurye/include/getirkurye/getirkurye/srv/detail/set_coordinates__struct.hpp
[1.973s] -- Up-to-date: /home/demirhan/ros2_ws/install/getirkurye/include/getirkurye/getirkurye
[1.973s] -- Up-to-date: /home/demirhan/ros2_ws/install/getirkurye/include/getirkurye/getirkurye/msg
[1.973s] -- Up-to-date: /home/demirhan/ros2_ws/install/getirkurye/include/getirkurye/getirkurye/msg/rosidl_typesupport_fastrtps_cpp__visibility_control.h
[1.973s] -- Up-to-date: /home/demirhan/ros2_ws/install/getirkurye/include/getirkurye/getirkurye/msg/detail
[1.973s] -- Installing: /home/demirhan/ros2_ws/install/getirkurye/include/getirkurye/getirkurye/msg/detail/turtle_info__rosidl_typesupport_fastrtps_cpp.hpp
[1.973s] -- Up-to-date: /home/demirhan/ros2_ws/install/getirkurye/include/getirkurye/getirkurye/msg/detail/dds_fastrtps
[1.973s] -- Up-to-date: /home/demirhan/ros2_ws/install/getirkurye/include/getirkurye/getirkurye/srv
[1.973s] -- Up-to-date: /home/demirhan/ros2_ws/install/getirkurye/include/getirkurye/getirkurye/srv/detail
[1.973s] -- Up-to-date: /home/demirhan/ros2_ws/install/getirkurye/include/getirkurye/getirkurye/srv/detail/dds_fastrtps
[1.973s] -- Installing: /home/demirhan/ros2_ws/install/getirkurye/include/getirkurye/getirkurye/srv/detail/set_coordinates__rosidl_typesupport_fastrtps_cpp.hpp
[1.973s] -- Installing: /home/demirhan/ros2_ws/install/getirkurye/lib/libgetirkurye__rosidl_typesupport_fastrtps_cpp.so
[1.973s] -- Set runtime path of "/home/demirhan/ros2_ws/install/getirkurye/lib/libgetirkurye__rosidl_typesupport_fastrtps_cpp.so" to ""
[1.973s] -- Up-to-date: /home/demirhan/ros2_ws/install/getirkurye/include/getirkurye/getirkurye
[1.973s] -- Up-to-date: /home/demirhan/ros2_ws/install/getirkurye/include/getirkurye/getirkurye/msg
[1.973s] -- Up-to-date: /home/demirhan/ros2_ws/install/getirkurye/include/getirkurye/getirkurye/msg/rosidl_typesupport_introspection_c__visibility_control.h
[1.973s] -- Up-to-date: /home/demirhan/ros2_ws/install/getirkurye/include/getirkurye/getirkurye/msg/detail
[1.973s] -- Installing: /home/demirhan/ros2_ws/install/getirkurye/include/getirkurye/getirkurye/msg/detail/turtle_info__rosidl_typesupport_introspection_c.h
[1.973s] -- Installing: /home/demirhan/ros2_ws/install/getirkurye/include/getirkurye/getirkurye/msg/detail/turtle_info__type_support.c
[1.974s] -- Up-to-date: /home/demirhan/ros2_ws/install/getirkurye/include/getirkurye/getirkurye/srv
[1.974s] -- Up-to-date: /home/demirhan/ros2_ws/install/getirkurye/include/getirkurye/getirkurye/srv/detail
[1.974s] -- Installing: /home/demirhan/ros2_ws/install/getirkurye/include/getirkurye/getirkurye/srv/detail/set_coordinates__type_support.c
[1.974s] -- Installing: /home/demirhan/ros2_ws/install/getirkurye/include/getirkurye/getirkurye/srv/detail/set_coordinates__rosidl_typesupport_introspection_c.h
[1.974s] -- Installing: /home/demirhan/ros2_ws/install/getirkurye/lib/libgetirkurye__rosidl_typesupport_introspection_c.so
[1.974s] -- Set runtime path of "/home/demirhan/ros2_ws/install/getirkurye/lib/libgetirkurye__rosidl_typesupport_introspection_c.so" to ""
[1.974s] -- Installing: /home/demirhan/ros2_ws/install/getirkurye/lib/libgetirkurye__rosidl_typesupport_c.so
[1.974s] -- Set runtime path of "/home/demirhan/ros2_ws/install/getirkurye/lib/libgetirkurye__rosidl_typesupport_c.so" to ""
[1.974s] -- Up-to-date: /home/demirhan/ros2_ws/install/getirkurye/include/getirkurye/getirkurye
[1.974s] -- Up-to-date: /home/demirhan/ros2_ws/install/getirkurye/include/getirkurye/getirkurye/msg
[1.974s] -- Up-to-date: /home/demirhan/ros2_ws/install/getirkurye/include/getirkurye/getirkurye/msg/detail
[1.974s] -- Installing: /home/demirhan/ros2_ws/install/getirkurye/include/getirkurye/getirkurye/msg/detail/turtle_info__type_support.cpp
[1.974s] -- Installing: /home/demirhan/ros2_ws/install/getirkurye/include/getirkurye/getirkurye/msg/detail/turtle_info__rosidl_typesupport_introspection_cpp.hpp
[1.974s] -- Up-to-date: /home/demirhan/ros2_ws/install/getirkurye/include/getirkurye/getirkurye/srv
[1.974s] -- Up-to-date: /home/demirhan/ros2_ws/install/getirkurye/include/getirkurye/getirkurye/srv/detail
[1.974s] -- Installing: /home/demirhan/ros2_ws/install/getirkurye/include/getirkurye/getirkurye/srv/detail/set_coordinates__type_support.cpp
[1.974s] -- Installing: /home/demirhan/ros2_ws/install/getirkurye/include/getirkurye/getirkurye/srv/detail/set_coordinates__rosidl_typesupport_introspection_cpp.hpp
[1.974s] -- Installing: /home/demirhan/ros2_ws/install/getirkurye/lib/libgetirkurye__rosidl_typesupport_introspection_cpp.so
[1.974s] -- Set runtime path of "/home/demirhan/ros2_ws/install/getirkurye/lib/libgetirkurye__rosidl_typesupport_introspection_cpp.so" to ""
[1.974s] -- Installing: /home/demirhan/ros2_ws/install/getirkurye/lib/libgetirkurye__rosidl_typesupport_cpp.so
[1.974s] -- Set runtime path of "/home/demirhan/ros2_ws/install/getirkurye/lib/libgetirkurye__rosidl_typesupport_cpp.so" to ""
[1.975s] -- Up-to-date: /home/demirhan/ros2_ws/install/getirkurye/share/getirkurye/environment/pythonpath.sh
[1.975s] -- Installing: /home/demirhan/ros2_ws/install/getirkurye/share/getirkurye/environment/pythonpath.dsv
[1.975s] -- Up-to-date: /home/demirhan/ros2_ws/install/getirkurye/local/lib/python3.10/dist-packages/getirkurye-0.0.0-py3.10.egg-info
[1.975s] -- Installing: /home/demirhan/ros2_ws/install/getirkurye/local/lib/python3.10/dist-packages/getirkurye-0.0.0-py3.10.egg-info/SOURCES.txt
[1.975s] -- Installing: /home/demirhan/ros2_ws/install/getirkurye/local/lib/python3.10/dist-packages/getirkurye-0.0.0-py3.10.egg-info/PKG-INFO
[1.975s] -- Installing: /home/demirhan/ros2_ws/install/getirkurye/local/lib/python3.10/dist-packages/getirkurye-0.0.0-py3.10.egg-info/top_level.txt
[1.975s] -- Installing: /home/demirhan/ros2_ws/install/getirkurye/local/lib/python3.10/dist-packages/getirkurye-0.0.0-py3.10.egg-info/dependency_links.txt
[1.975s] -- Up-to-date: /home/demirhan/ros2_ws/install/getirkurye/local/lib/python3.10/dist-packages/getirkurye
[1.975s] -- Installing: /home/demirhan/ros2_ws/install/getirkurye/local/lib/python3.10/dist-packages/getirkurye/getirkurye_s__rosidl_typesupport_c.cpython-310-x86_64-linux-gnu.so
[1.975s] -- Installing: /home/demirhan/ros2_ws/install/getirkurye/local/lib/python3.10/dist-packages/getirkurye/libgetirkurye__rosidl_generator_py.so
[1.975s] -- Installing: /home/demirhan/ros2_ws/install/getirkurye/local/lib/python3.10/dist-packages/getirkurye/_getirkurye_s.ep.rosidl_typesupport_introspection_c.c
[1.975s] -- Up-to-date: /home/demirhan/ros2_ws/install/getirkurye/local/lib/python3.10/dist-packages/getirkurye/msg
[1.975s] -- Installing: /home/demirhan/ros2_ws/install/getirkurye/local/lib/python3.10/dist-packages/getirkurye/msg/_turtle_info.py
[1.975s] -- Installing: /home/demirhan/ros2_ws/install/getirkurye/local/lib/python3.10/dist-packages/getirkurye/msg/__init__.py
[1.975s] -- Installing: /home/demirhan/ros2_ws/install/getirkurye/local/lib/python3.10/dist-packages/getirkurye/msg/_turtle_info_s.c
[1.975s] -- Installing: /home/demirhan/ros2_ws/install/getirkurye/local/lib/python3.10/dist-packages/getirkurye/__init__.py
[1.975s] -- Up-to-date: /home/demirhan/ros2_ws/install/getirkurye/local/lib/python3.10/dist-packages/getirkurye/srv
[1.975s] -- Installing: /home/demirhan/ros2_ws/install/getirkurye/local/lib/python3.10/dist-packages/getirkurye/srv/__init__.py
[1.975s] -- Installing: /home/demirhan/ros2_ws/install/getirkurye/local/lib/python3.10/dist-packages/getirkurye/srv/_set_coordinates_s.c
[1.975s] -- Installing: /home/demirhan/ros2_ws/install/getirkurye/local/lib/python3.10/dist-packages/getirkurye/srv/_set_coordinates.py
[1.975s] -- Installing: /home/demirhan/ros2_ws/install/getirkurye/local/lib/python3.10/dist-packages/getirkurye/getirkurye_s__rosidl_typesupport_introspection_c.cpython-310-x86_64-linux-gnu.so
[1.975s] -- Installing: /home/demirhan/ros2_ws/install/getirkurye/local/lib/python3.10/dist-packages/getirkurye/_getirkurye_s.ep.rosidl_typesupport_fastrtps_c.c
[1.975s] -- Installing: /home/demirhan/ros2_ws/install/getirkurye/local/lib/python3.10/dist-packages/getirkurye/_getirkurye_s.ep.rosidl_typesupport_c.c
[1.975s] -- Installing: /home/demirhan/ros2_ws/install/getirkurye/local/lib/python3.10/dist-packages/getirkurye/getirkurye_s__rosidl_typesupport_fastrtps_c.cpython-310-x86_64-linux-gnu.so
[1.999s] Listing '/home/demirhan/ros2_ws/install/getirkurye/local/lib/python3.10/dist-packages/getirkurye'...
[1.999s] Compiling '/home/demirhan/ros2_ws/install/getirkurye/local/lib/python3.10/dist-packages/getirkurye/__init__.py'...
[1.999s] Listing '/home/demirhan/ros2_ws/install/getirkurye/local/lib/python3.10/dist-packages/getirkurye/msg'...
[1.999s] Compiling '/home/demirhan/ros2_ws/install/getirkurye/local/lib/python3.10/dist-packages/getirkurye/msg/__init__.py'...
[1.999s] Compiling '/home/demirhan/ros2_ws/install/getirkurye/local/lib/python3.10/dist-packages/getirkurye/msg/_turtle_info.py'...
[1.999s] Listing '/home/demirhan/ros2_ws/install/getirkurye/local/lib/python3.10/dist-packages/getirkurye/srv'...
[1.999s] Compiling '/home/demirhan/ros2_ws/install/getirkurye/local/lib/python3.10/dist-packages/getirkurye/srv/__init__.py'...
[1.999s] Compiling '/home/demirhan/ros2_ws/install/getirkurye/local/lib/python3.10/dist-packages/getirkurye/srv/_set_coordinates.py'...
[2.002s] -- Installing: /home/demirhan/ros2_ws/install/getirkurye/local/lib/python3.10/dist-packages/getirkurye/getirkurye_s__rosidl_typesupport_fastrtps_c.cpython-310-x86_64-linux-gnu.so
[2.002s] -- Set runtime path of "/home/demirhan/ros2_ws/install/getirkurye/local/lib/python3.10/dist-packages/getirkurye/getirkurye_s__rosidl_typesupport_fastrtps_c.cpython-310-x86_64-linux-gnu.so" to ""
[2.002s] -- Installing: /home/demirhan/ros2_ws/install/getirkurye/local/lib/python3.10/dist-packages/getirkurye/getirkurye_s__rosidl_typesupport_introspection_c.cpython-310-x86_64-linux-gnu.so
[2.002s] -- Set runtime path of "/home/demirhan/ros2_ws/install/getirkurye/local/lib/python3.10/dist-packages/getirkurye/getirkurye_s__rosidl_typesupport_introspection_c.cpython-310-x86_64-linux-gnu.so" to ""
[2.002s] -- Installing: /home/demirhan/ros2_ws/install/getirkurye/local/lib/python3.10/dist-packages/getirkurye/getirkurye_s__rosidl_typesupport_c.cpython-310-x86_64-linux-gnu.so
[2.002s] -- Set runtime path of "/home/demirhan/ros2_ws/install/getirkurye/local/lib/python3.10/dist-packages/getirkurye/getirkurye_s__rosidl_typesupport_c.cpython-310-x86_64-linux-gnu.so" to ""
[2.002s] -- Installing: /home/demirhan/ros2_ws/install/getirkurye/lib/libgetirkurye__rosidl_generator_py.so
[2.002s] -- Set runtime path of "/home/demirhan/ros2_ws/install/getirkurye/lib/libgetirkurye__rosidl_generator_py.so" to ""
[2.002s] -- Up-to-date: /home/demirhan/ros2_ws/install/getirkurye/share/getirkurye/msg/TurtleInfo.idl
[2.002s] -- Installing: /home/demirhan/ros2_ws/install/getirkurye/share/getirkurye/srv/SetCoordinates.idl
[2.002s] -- Up-to-date: /home/demirhan/ros2_ws/install/getirkurye/share/getirkurye/msg/TurtleInfo.msg
[2.002s] -- Installing: /home/demirhan/ros2_ws/install/getirkurye/share/getirkurye/srv/SetCoordinates.srv
[2.003s] -- Installing: /home/demirhan/ros2_ws/install/getirkurye/share/getirkurye/srv/SetCoordinates_Request.msg
[2.003s] -- Up-to-date: /home/demirhan/ros2_ws/install/getirkurye/share/getirkurye/srv/SetCoordinates_Response.msg
[2.003s] -- Up-to-date: /home/demirhan/ros2_ws/install/getirkurye/share/ament_index/resource_index/package_run_dependencies/getirkurye
[2.003s] -- Installing: /home/demirhan/ros2_ws/install/getirkurye/share/ament_index/resource_index/parent_prefix_path/getirkurye
[2.003s] -- Up-to-date: /home/demirhan/ros2_ws/install/getirkurye/share/getirkurye/environment/ament_prefix_path.sh
[2.003s] -- Installing: /home/demirhan/ros2_ws/install/getirkurye/share/getirkurye/environment/ament_prefix_path.dsv
[2.003s] -- Up-to-date: /home/demirhan/ros2_ws/install/getirkurye/share/getirkurye/environment/path.sh
[2.003s] -- Installing: /home/demirhan/ros2_ws/install/getirkurye/share/getirkurye/environment/path.dsv
[2.003s] -- Up-to-date: /home/demirhan/ros2_ws/install/getirkurye/share/getirkurye/local_setup.bash
[2.003s] -- Up-to-date: /home/demirhan/ros2_ws/install/getirkurye/share/getirkurye/local_setup.sh
[2.003s] -- Up-to-date: /home/demirhan/ros2_ws/install/getirkurye/share/getirkurye/local_setup.zsh
[2.003s] -- Installing: /home/demirhan/ros2_ws/install/getirkurye/share/getirkurye/local_setup.dsv
[2.003s] -- Installing: /home/demirhan/ros2_ws/install/getirkurye/share/getirkurye/package.dsv
[2.003s] -- Up-to-date: /home/demirhan/ros2_ws/install/getirkurye/share/ament_index/resource_index/packages/getirkurye
[2.003s] -- Up-to-date: /home/demirhan/ros2_ws/install/getirkurye/share/getirkurye/cmake/export_getirkurye__rosidl_generator_cExport.cmake
[2.003s] -- Up-to-date: /home/demirhan/ros2_ws/install/getirkurye/share/getirkurye/cmake/export_getirkurye__rosidl_generator_cExport-noconfig.cmake
[2.003s] -- Up-to-date: /home/demirhan/ros2_ws/install/getirkurye/share/getirkurye/cmake/export_getirkurye__rosidl_typesupport_fastrtps_cExport.cmake
[2.003s] -- Up-to-date: /home/demirhan/ros2_ws/install/getirkurye/share/getirkurye/cmake/export_getirkurye__rosidl_typesupport_fastrtps_cExport-noconfig.cmake
[2.003s] -- Up-to-date: /home/demirhan/ros2_ws/install/getirkurye/share/getirkurye/cmake/export_getirkurye__rosidl_generator_cppExport.cmake
[2.003s] -- Up-to-date: /home/demirhan/ros2_ws/install/getirkurye/share/getirkurye/cmake/export_getirkurye__rosidl_typesupport_fastrtps_cppExport.cmake
[2.003s] -- Up-to-date: /home/demirhan/ros2_ws/install/getirkurye/share/getirkurye/cmake/export_getirkurye__rosidl_typesupport_fastrtps_cppExport-noconfig.cmake
[2.003s] -- Up-to-date: /home/demirhan/ros2_ws/install/getirkurye/share/getirkurye/cmake/getirkurye__rosidl_typesupport_introspection_cExport.cmake
[2.003s] -- Up-to-date: /home/demirhan/ros2_ws/install/getirkurye/share/getirkurye/cmake/getirkurye__rosidl_typesupport_introspection_cExport-noconfig.cmake
[2.003s] -- Up-to-date: /home/demirhan/ros2_ws/install/getirkurye/share/getirkurye/cmake/getirkurye__rosidl_typesupport_cExport.cmake
[2.003s] -- Up-to-date: /home/demirhan/ros2_ws/install/getirkurye/share/getirkurye/cmake/getirkurye__rosidl_typesupport_cExport-noconfig.cmake
[2.003s] -- Up-to-date: /home/demirhan/ros2_ws/install/getirkurye/share/getirkurye/cmake/getirkurye__rosidl_typesupport_introspection_cppExport.cmake
[2.003s] -- Up-to-date: /home/demirhan/ros2_ws/install/getirkurye/share/getirkurye/cmake/getirkurye__rosidl_typesupport_introspection_cppExport-noconfig.cmake
[2.003s] -- Up-to-date: /home/demirhan/ros2_ws/install/getirkurye/share/getirkurye/cmake/getirkurye__rosidl_typesupport_cppExport.cmake
[2.003s] -- Up-to-date: /home/demirhan/ros2_ws/install/getirkurye/share/getirkurye/cmake/getirkurye__rosidl_typesupport_cppExport-noconfig.cmake
[2.003s] -- Up-to-date: /home/demirhan/ros2_ws/install/getirkurye/share/getirkurye/cmake/export_getirkurye__rosidl_generator_pyExport.cmake
[2.003s] -- Up-to-date: /home/demirhan/ros2_ws/install/getirkurye/share/getirkurye/cmake/export_getirkurye__rosidl_generator_pyExport-noconfig.cmake
[2.003s] -- Up-to-date: /home/demirhan/ros2_ws/install/getirkurye/share/getirkurye/cmake/rosidl_cmake-extras.cmake
[2.003s] -- Up-to-date: /home/demirhan/ros2_ws/install/getirkurye/share/getirkurye/cmake/ament_cmake_export_dependencies-extras.cmake
[2.003s] -- Up-to-date: /home/demirhan/ros2_ws/install/getirkurye/share/getirkurye/cmake/ament_cmake_export_include_directories-extras.cmake
[2.004s] -- Up-to-date: /home/demirhan/ros2_ws/install/getirkurye/share/getirkurye/cmake/ament_cmake_export_libraries-extras.cmake
[2.004s] -- Up-to-date: /home/demirhan/ros2_ws/install/getirkurye/share/getirkurye/cmake/ament_cmake_export_targets-extras.cmake
[2.004s] -- Up-to-date: /home/demirhan/ros2_ws/install/getirkurye/share/getirkurye/cmake/rosidl_cmake_export_typesupport_targets-extras.cmake
[2.004s] -- Up-to-date: /home/demirhan/ros2_ws/install/getirkurye/share/getirkurye/cmake/rosidl_cmake_export_typesupport_libraries-extras.cmake
[2.004s] -- Up-to-date: /home/demirhan/ros2_ws/install/getirkurye/share/getirkurye/cmake/getirkuryeConfig.cmake
[2.004s] -- Up-to-date: /home/demirhan/ros2_ws/install/getirkurye/share/getirkurye/cmake/getirkuryeConfig-version.cmake
[2.004s] -- Up-to-date: /home/demirhan/ros2_ws/install/getirkurye/share/getirkurye/package.xml
[2.005s] Invoked command in '/home/demirhan/ros2_ws/build/getirkurye' returned '0': CMAKE_PREFIX_PATH=${CMAKE_PREFIX_PATH}:/home/demirhan/ros2_ws/install/my_robot_controller:/home/demirhan/ros2_ws/install/dlklc:/opt/ros/humble /usr/bin/cmake --install /home/demirhan/ros2_ws/build/getirkurye
