[35m[1mConsolidate compiler generated dependencies of target getirkurye__rosidl_generator_c[0m
[  2%] Built target getirkurye__cpp
[ 12%] Built target getirkurye__rosidl_generator_c
[ 12%] Built target ament_cmake_python_copy_getirkurye
[35m[1mConsolidate compiler generated dependencies of target getirkurye__rosidl_typesupport_c[0m
[35m[1mConsolidate compiler generated dependencies of target getirkurye__rosidl_typesupport_cpp[0m
[35m[1mConsolidate compiler generated dependencies of target getirkurye__rosidl_typesupport_fastrtps_cpp[0m
[35m[1mConsolidate compiler generated dependencies of target getirkurye__rosidl_typesupport_fastrtps_c[0m
[35m[1mConsolidate compiler generated dependencies of target getirkurye__rosidl_typesupport_introspection_c[0m
[35m[1mConsolidate compiler generated dependencies of target getirkurye__rosidl_typesupport_introspection_cpp[0m
[ 23%] Built target getirkurye__rosidl_typesupport_introspection_c
[ 33%] Built target getirkurye__rosidl_typesupport_cpp
[ 46%] Built target getirkurye__rosidl_typesupport_fastrtps_c
[ 53%] Built target getirkurye__rosidl_typesupport_fastrtps_cpp
[ 64%] Built target getirkurye__rosidl_typesupport_c
[ 74%] Built target getirkurye__rosidl_typesupport_introspection_cpp
[ 74%] Built target getirkurye
[ 76%] Built target getirkurye__py
[35m[1mConsolidate compiler generated dependencies of target getirkurye__rosidl_generator_py[0m
[ 84%] Built target getirkurye__rosidl_generator_py
[35m[1mConsolidate compiler generated dependencies of target getirkurye__rosidl_typesupport_fastrtps_c__pyext[0m
[35m[1mConsolidate compiler generated dependencies of target getirkurye__rosidl_typesupport_c__pyext[0m
[35m[1mConsolidate compiler generated dependencies of target getirkurye__rosidl_typesupport_introspection_c__pyext[0m
[ 89%] Built target getirkurye__rosidl_typesupport_c__pyext
[100%] Built target getirkurye__rosidl_typesupport_introspection_c__pyext
[100%] Built target getirkurye__rosidl_typesupport_fastrtps_c__pyext
running egg_info
writing getirkurye.egg-info/PKG-INFO
writing dependency_links to getirkurye.egg-info/dependency_links.txt
writing top-level names to getirkurye.egg-info/top_level.txt
reading manifest file 'getirkurye.egg-info/SOURCES.txt'
writing manifest file 'getirkurye.egg-info/SOURCES.txt'
[100%] Built target ament_cmake_python_build_getirkurye_egg
-- Install configuration: ""
-- Up-to-date: /home/demirhan/ros2_ws/install/getirkurye/share/ament_index/resource_index/rosidl_interfaces/getirkurye
-- Up-to-date: /home/demirhan/ros2_ws/install/getirkurye/include/getirkurye/getirkurye
-- Up-to-date: /home/demirhan/ros2_ws/install/getirkurye/include/getirkurye/getirkurye/msg
-- Up-to-date: /home/demirhan/ros2_ws/install/getirkurye/include/getirkurye/getirkurye/msg/rosidl_generator_c__visibility_control.h
-- Up-to-date: /home/demirhan/ros2_ws/install/getirkurye/include/getirkurye/getirkurye/msg/turtle_info.h
-- Up-to-date: /home/demirhan/ros2_ws/install/getirkurye/include/getirkurye/getirkurye/msg/detail
-- Up-to-date: /home/demirhan/ros2_ws/install/getirkurye/include/getirkurye/getirkurye/msg/detail/turtle_info__struct.h
-- Up-to-date: /home/demirhan/ros2_ws/install/getirkurye/include/getirkurye/getirkurye/msg/detail/turtle_info__functions.c
-- Up-to-date: /home/demirhan/ros2_ws/install/getirkurye/include/getirkurye/getirkurye/msg/detail/turtle_info__type_support.h
-- Up-to-date: /home/demirhan/ros2_ws/install/getirkurye/include/getirkurye/getirkurye/msg/detail/turtle_info__functions.h
-- Up-to-date: /home/demirhan/ros2_ws/install/getirkurye/include/getirkurye/getirkurye/srv
-- Up-to-date: /home/demirhan/ros2_ws/install/getirkurye/include/getirkurye/getirkurye/srv/set_coordinates.h
-- Up-to-date: /home/demirhan/ros2_ws/install/getirkurye/include/getirkurye/getirkurye/srv/detail
-- Up-to-date: /home/demirhan/ros2_ws/install/getirkurye/include/getirkurye/getirkurye/srv/detail/set_coordinates__struct.h
-- Up-to-date: /home/demirhan/ros2_ws/install/getirkurye/include/getirkurye/getirkurye/srv/detail/set_coordinates__functions.h
-- Up-to-date: /home/demirhan/ros2_ws/install/getirkurye/include/getirkurye/getirkurye/srv/detail/set_coordinates__type_support.h
-- Up-to-date: /home/demirhan/ros2_ws/install/getirkurye/include/getirkurye/getirkurye/srv/detail/set_coordinates__functions.c
-- Up-to-date: /home/demirhan/ros2_ws/install/getirkurye/share/getirkurye/environment/library_path.sh
-- Up-to-date: /home/demirhan/ros2_ws/install/getirkurye/share/getirkurye/environment/library_path.dsv
-- Up-to-date: /home/demirhan/ros2_ws/install/getirkurye/lib/libgetirkurye__rosidl_generator_c.so
-- Up-to-date: /home/demirhan/ros2_ws/install/getirkurye/include/getirkurye/getirkurye
-- Up-to-date: /home/demirhan/ros2_ws/install/getirkurye/include/getirkurye/getirkurye/msg
-- Up-to-date: /home/demirhan/ros2_ws/install/getirkurye/include/getirkurye/getirkurye/msg/detail
-- Up-to-date: /home/demirhan/ros2_ws/install/getirkurye/include/getirkurye/getirkurye/msg/detail/turtle_info__rosidl_typesupport_fastrtps_c.h
-- Up-to-date: /home/demirhan/ros2_ws/install/getirkurye/include/getirkurye/getirkurye/msg/rosidl_typesupport_fastrtps_c__visibility_control.h
-- Up-to-date: /home/demirhan/ros2_ws/install/getirkurye/include/getirkurye/getirkurye/srv
-- Up-to-date: /home/demirhan/ros2_ws/install/getirkurye/include/getirkurye/getirkurye/srv/detail
-- Up-to-date: /home/demirhan/ros2_ws/install/getirkurye/include/getirkurye/getirkurye/srv/detail/set_coordinates__rosidl_typesupport_fastrtps_c.h
-- Up-to-date: /home/demirhan/ros2_ws/install/getirkurye/lib/libgetirkurye__rosidl_typesupport_fastrtps_c.so
-- Up-to-date: /home/demirhan/ros2_ws/install/getirkurye/include/getirkurye/getirkurye
-- Up-to-date: /home/demirhan/ros2_ws/install/getirkurye/include/getirkurye/getirkurye/msg
-- Up-to-date: /home/demirhan/ros2_ws/install/getirkurye/include/getirkurye/getirkurye/msg/turtle_info.hpp
-- Up-to-date: /home/demirhan/ros2_ws/install/getirkurye/include/getirkurye/getirkurye/msg/detail
-- Up-to-date: /home/demirhan/ros2_ws/install/getirkurye/include/getirkurye/getirkurye/msg/detail/turtle_info__struct.hpp
-- Up-to-date: /home/demirhan/ros2_ws/install/getirkurye/include/getirkurye/getirkurye/msg/detail/turtle_info__traits.hpp
-- Up-to-date: /home/demirhan/ros2_ws/install/getirkurye/include/getirkurye/getirkurye/msg/detail/turtle_info__builder.hpp
-- Up-to-date: /home/demirhan/ros2_ws/install/getirkurye/include/getirkurye/getirkurye/srv
-- Up-to-date: /home/demirhan/ros2_ws/install/getirkurye/include/getirkurye/getirkurye/srv/set_coordinates.hpp
-- Up-to-date: /home/demirhan/ros2_ws/install/getirkurye/include/getirkurye/getirkurye/srv/detail
-- Up-to-date: /home/demirhan/ros2_ws/install/getirkurye/include/getirkurye/getirkurye/srv/detail/set_coordinates__traits.hpp
-- Up-to-date: /home/demirhan/ros2_ws/install/getirkurye/include/getirkurye/getirkurye/srv/detail/set_coordinates__builder.hpp
-- Up-to-date: /home/demirhan/ros2_ws/install/getirkurye/include/getirkurye/getirkurye/srv/detail/set_coordinates__struct.hpp
-- Up-to-date: /home/demirhan/ros2_ws/install/getirkurye/include/getirkurye/getirkurye
-- Up-to-date: /home/demirhan/ros2_ws/install/getirkurye/include/getirkurye/getirkurye/msg
-- Up-to-date: /home/demirhan/ros2_ws/install/getirkurye/include/getirkurye/getirkurye/msg/rosidl_typesupport_fastrtps_cpp__visibility_control.h
-- Up-to-date: /home/demirhan/ros2_ws/install/getirkurye/include/getirkurye/getirkurye/msg/detail
-- Up-to-date: /home/demirhan/ros2_ws/install/getirkurye/include/getirkurye/getirkurye/msg/detail/turtle_info__rosidl_typesupport_fastrtps_cpp.hpp
-- Up-to-date: /home/demirhan/ros2_ws/install/getirkurye/include/getirkurye/getirkurye/msg/detail/dds_fastrtps
-- Up-to-date: /home/demirhan/ros2_ws/install/getirkurye/include/getirkurye/getirkurye/srv
-- Up-to-date: /home/demirhan/ros2_ws/install/getirkurye/include/getirkurye/getirkurye/srv/detail
-- Up-to-date: /home/demirhan/ros2_ws/install/getirkurye/include/getirkurye/getirkurye/srv/detail/dds_fastrtps
-- Up-to-date: /home/demirhan/ros2_ws/install/getirkurye/include/getirkurye/getirkurye/srv/detail/set_coordinates__rosidl_typesupport_fastrtps_cpp.hpp
-- Up-to-date: /home/demirhan/ros2_ws/install/getirkurye/lib/libgetirkurye__rosidl_typesupport_fastrtps_cpp.so
-- Up-to-date: /home/demirhan/ros2_ws/install/getirkurye/include/getirkurye/getirkurye
-- Up-to-date: /home/demirhan/ros2_ws/install/getirkurye/include/getirkurye/getirkurye/msg
-- Up-to-date: /home/demirhan/ros2_ws/install/getirkurye/include/getirkurye/getirkurye/msg/rosidl_typesupport_introspection_c__visibility_control.h
-- Up-to-date: /home/demirhan/ros2_ws/install/getirkurye/include/getirkurye/getirkurye/msg/detail
-- Up-to-date: /home/demirhan/ros2_ws/install/getirkurye/include/getirkurye/getirkurye/msg/detail/turtle_info__rosidl_typesupport_introspection_c.h
-- Up-to-date: /home/demirhan/ros2_ws/install/getirkurye/include/getirkurye/getirkurye/msg/detail/turtle_info__type_support.c
-- Up-to-date: /home/demirhan/ros2_ws/install/getirkurye/include/getirkurye/getirkurye/srv
-- Up-to-date: /home/demirhan/ros2_ws/install/getirkurye/include/getirkurye/getirkurye/srv/detail
-- Up-to-date: /home/demirhan/ros2_ws/install/getirkurye/include/getirkurye/getirkurye/srv/detail/set_coordinates__type_support.c
-- Up-to-date: /home/demirhan/ros2_ws/install/getirkurye/include/getirkurye/getirkurye/srv/detail/set_coordinates__rosidl_typesupport_introspection_c.h
-- Up-to-date: /home/demirhan/ros2_ws/install/getirkurye/lib/libgetirkurye__rosidl_typesupport_introspection_c.so
-- Up-to-date: /home/demirhan/ros2_ws/install/getirkurye/lib/libgetirkurye__rosidl_typesupport_c.so
-- Up-to-date: /home/demirhan/ros2_ws/install/getirkurye/include/getirkurye/getirkurye
-- Up-to-date: /home/demirhan/ros2_ws/install/getirkurye/include/getirkurye/getirkurye/msg
-- Up-to-date: /home/demirhan/ros2_ws/install/getirkurye/include/getirkurye/getirkurye/msg/detail
-- Up-to-date: /home/demirhan/ros2_ws/install/getirkurye/include/getirkurye/getirkurye/msg/detail/turtle_info__type_support.cpp
-- Up-to-date: /home/demirhan/ros2_ws/install/getirkurye/include/getirkurye/getirkurye/msg/detail/turtle_info__rosidl_typesupport_introspection_cpp.hpp
-- Up-to-date: /home/demirhan/ros2_ws/install/getirkurye/include/getirkurye/getirkurye/srv
-- Up-to-date: /home/demirhan/ros2_ws/install/getirkurye/include/getirkurye/getirkurye/srv/detail
-- Up-to-date: /home/demirhan/ros2_ws/install/getirkurye/include/getirkurye/getirkurye/srv/detail/set_coordinates__type_support.cpp
-- Up-to-date: /home/demirhan/ros2_ws/install/getirkurye/include/getirkurye/getirkurye/srv/detail/set_coordinates__rosidl_typesupport_introspection_cpp.hpp
-- Up-to-date: /home/demirhan/ros2_ws/install/getirkurye/lib/libgetirkurye__rosidl_typesupport_introspection_cpp.so
-- Up-to-date: /home/demirhan/ros2_ws/install/getirkurye/lib/libgetirkurye__rosidl_typesupport_cpp.so
-- Up-to-date: /home/demirhan/ros2_ws/install/getirkurye/share/getirkurye/environment/pythonpath.sh
-- Up-to-date: /home/demirhan/ros2_ws/install/getirkurye/share/getirkurye/environment/pythonpath.dsv
-- Up-to-date: /home/demirhan/ros2_ws/install/getirkurye/local/lib/python3.10/dist-packages/getirkurye-0.0.0-py3.10.egg-info
-- Installing: /home/demirhan/ros2_ws/install/getirkurye/local/lib/python3.10/dist-packages/getirkurye-0.0.0-py3.10.egg-info/SOURCES.txt
-- Installing: /home/demirhan/ros2_ws/install/getirkurye/local/lib/python3.10/dist-packages/getirkurye-0.0.0-py3.10.egg-info/PKG-INFO
-- Installing: /home/demirhan/ros2_ws/install/getirkurye/local/lib/python3.10/dist-packages/getirkurye-0.0.0-py3.10.egg-info/top_level.txt
-- Installing: /home/demirhan/ros2_ws/install/getirkurye/local/lib/python3.10/dist-packages/getirkurye-0.0.0-py3.10.egg-info/dependency_links.txt
-- Up-to-date: /home/demirhan/ros2_ws/install/getirkurye/local/lib/python3.10/dist-packages/getirkurye
-- Up-to-date: /home/demirhan/ros2_ws/install/getirkurye/local/lib/python3.10/dist-packages/getirkurye/getirkurye_s__rosidl_typesupport_c.cpython-310-x86_64-linux-gnu.so
-- Up-to-date: /home/demirhan/ros2_ws/install/getirkurye/local/lib/python3.10/dist-packages/getirkurye/libgetirkurye__rosidl_generator_py.so
-- Up-to-date: /home/demirhan/ros2_ws/install/getirkurye/local/lib/python3.10/dist-packages/getirkurye/_getirkurye_s.ep.rosidl_typesupport_introspection_c.c
-- Up-to-date: /home/demirhan/ros2_ws/install/getirkurye/local/lib/python3.10/dist-packages/getirkurye/msg
-- Up-to-date: /home/demirhan/ros2_ws/install/getirkurye/local/lib/python3.10/dist-packages/getirkurye/msg/_turtle_info.py
-- Up-to-date: /home/demirhan/ros2_ws/install/getirkurye/local/lib/python3.10/dist-packages/getirkurye/msg/__init__.py
-- Up-to-date: /home/demirhan/ros2_ws/install/getirkurye/local/lib/python3.10/dist-packages/getirkurye/msg/_turtle_info_s.c
-- Up-to-date: /home/demirhan/ros2_ws/install/getirkurye/local/lib/python3.10/dist-packages/getirkurye/__init__.py
-- Up-to-date: /home/demirhan/ros2_ws/install/getirkurye/local/lib/python3.10/dist-packages/getirkurye/srv
-- Up-to-date: /home/demirhan/ros2_ws/install/getirkurye/local/lib/python3.10/dist-packages/getirkurye/srv/__init__.py
-- Up-to-date: /home/demirhan/ros2_ws/install/getirkurye/local/lib/python3.10/dist-packages/getirkurye/srv/_set_coordinates_s.c
-- Up-to-date: /home/demirhan/ros2_ws/install/getirkurye/local/lib/python3.10/dist-packages/getirkurye/srv/_set_coordinates.py
-- Up-to-date: /home/demirhan/ros2_ws/install/getirkurye/local/lib/python3.10/dist-packages/getirkurye/getirkurye_s__rosidl_typesupport_introspection_c.cpython-310-x86_64-linux-gnu.so
-- Up-to-date: /home/demirhan/ros2_ws/install/getirkurye/local/lib/python3.10/dist-packages/getirkurye/_getirkurye_s.ep.rosidl_typesupport_fastrtps_c.c
-- Up-to-date: /home/demirhan/ros2_ws/install/getirkurye/local/lib/python3.10/dist-packages/getirkurye/_getirkurye_s.ep.rosidl_typesupport_c.c
-- Up-to-date: /home/demirhan/ros2_ws/install/getirkurye/local/lib/python3.10/dist-packages/getirkurye/getirkurye_s__rosidl_typesupport_fastrtps_c.cpython-310-x86_64-linux-gnu.so
Listing '/home/demirhan/ros2_ws/install/getirkurye/local/lib/python3.10/dist-packages/getirkurye'...
Listing '/home/demirhan/ros2_ws/install/getirkurye/local/lib/python3.10/dist-packages/getirkurye/msg'...
Listing '/home/demirhan/ros2_ws/install/getirkurye/local/lib/python3.10/dist-packages/getirkurye/srv'...
-- Up-to-date: /home/demirhan/ros2_ws/install/getirkurye/local/lib/python3.10/dist-packages/getirkurye/getirkurye_s__rosidl_typesupport_fastrtps_c.cpython-310-x86_64-linux-gnu.so
-- Up-to-date: /home/demirhan/ros2_ws/install/getirkurye/local/lib/python3.10/dist-packages/getirkurye/getirkurye_s__rosidl_typesupport_introspection_c.cpython-310-x86_64-linux-gnu.so
-- Up-to-date: /home/demirhan/ros2_ws/install/getirkurye/local/lib/python3.10/dist-packages/getirkurye/getirkurye_s__rosidl_typesupport_c.cpython-310-x86_64-linux-gnu.so
-- Up-to-date: /home/demirhan/ros2_ws/install/getirkurye/lib/libgetirkurye__rosidl_generator_py.so
-- Up-to-date: /home/demirhan/ros2_ws/install/getirkurye/share/getirkurye/msg/TurtleInfo.idl
-- Up-to-date: /home/demirhan/ros2_ws/install/getirkurye/share/getirkurye/srv/SetCoordinates.idl
-- Up-to-date: /home/demirhan/ros2_ws/install/getirkurye/share/getirkurye/msg/TurtleInfo.msg
-- Up-to-date: /home/demirhan/ros2_ws/install/getirkurye/share/getirkurye/srv/SetCoordinates.srv
-- Up-to-date: /home/demirhan/ros2_ws/install/getirkurye/share/getirkurye/srv/SetCoordinates_Request.msg
-- Up-to-date: /home/demirhan/ros2_ws/install/getirkurye/share/getirkurye/srv/SetCoordinates_Response.msg
-- Up-to-date: /home/demirhan/ros2_ws/install/getirkurye/share/ament_index/resource_index/package_run_dependencies/getirkurye
-- Up-to-date: /home/demirhan/ros2_ws/install/getirkurye/share/ament_index/resource_index/parent_prefix_path/getirkurye
-- Up-to-date: /home/demirhan/ros2_ws/install/getirkurye/share/getirkurye/environment/ament_prefix_path.sh
-- Up-to-date: /home/demirhan/ros2_ws/install/getirkurye/share/getirkurye/environment/ament_prefix_path.dsv
-- Up-to-date: /home/demirhan/ros2_ws/install/getirkurye/share/getirkurye/environment/path.sh
-- Up-to-date: /home/demirhan/ros2_ws/install/getirkurye/share/getirkurye/environment/path.dsv
-- Up-to-date: /home/demirhan/ros2_ws/install/getirkurye/share/getirkurye/local_setup.bash
-- Up-to-date: /home/demirhan/ros2_ws/install/getirkurye/share/getirkurye/local_setup.sh
-- Up-to-date: /home/demirhan/ros2_ws/install/getirkurye/share/getirkurye/local_setup.zsh
-- Up-to-date: /home/demirhan/ros2_ws/install/getirkurye/share/getirkurye/local_setup.dsv
-- Installing: /home/demirhan/ros2_ws/install/getirkurye/share/getirkurye/package.dsv
-- Up-to-date: /home/demirhan/ros2_ws/install/getirkurye/share/ament_index/resource_index/packages/getirkurye
-- Up-to-date: /home/demirhan/ros2_ws/install/getirkurye/share/getirkurye/cmake/export_getirkurye__rosidl_generator_cExport.cmake
-- Up-to-date: /home/demirhan/ros2_ws/install/getirkurye/share/getirkurye/cmake/export_getirkurye__rosidl_generator_cExport-noconfig.cmake
-- Up-to-date: /home/demirhan/ros2_ws/install/getirkurye/share/getirkurye/cmake/export_getirkurye__rosidl_typesupport_fastrtps_cExport.cmake
-- Up-to-date: /home/demirhan/ros2_ws/install/getirkurye/share/getirkurye/cmake/export_getirkurye__rosidl_typesupport_fastrtps_cExport-noconfig.cmake
-- Up-to-date: /home/demirhan/ros2_ws/install/getirkurye/share/getirkurye/cmake/export_getirkurye__rosidl_generator_cppExport.cmake
-- Up-to-date: /home/demirhan/ros2_ws/install/getirkurye/share/getirkurye/cmake/export_getirkurye__rosidl_typesupport_fastrtps_cppExport.cmake
-- Up-to-date: /home/demirhan/ros2_ws/install/getirkurye/share/getirkurye/cmake/export_getirkurye__rosidl_typesupport_fastrtps_cppExport-noconfig.cmake
-- Up-to-date: /home/demirhan/ros2_ws/install/getirkurye/share/getirkurye/cmake/getirkurye__rosidl_typesupport_introspection_cExport.cmake
-- Up-to-date: /home/demirhan/ros2_ws/install/getirkurye/share/getirkurye/cmake/getirkurye__rosidl_typesupport_introspection_cExport-noconfig.cmake
-- Up-to-date: /home/demirhan/ros2_ws/install/getirkurye/share/getirkurye/cmake/getirkurye__rosidl_typesupport_cExport.cmake
-- Up-to-date: /home/demirhan/ros2_ws/install/getirkurye/share/getirkurye/cmake/getirkurye__rosidl_typesupport_cExport-noconfig.cmake
-- Up-to-date: /home/demirhan/ros2_ws/install/getirkurye/share/getirkurye/cmake/getirkurye__rosidl_typesupport_introspection_cppExport.cmake
-- Up-to-date: /home/demirhan/ros2_ws/install/getirkurye/share/getirkurye/cmake/getirkurye__rosidl_typesupport_introspection_cppExport-noconfig.cmake
-- Up-to-date: /home/demirhan/ros2_ws/install/getirkurye/share/getirkurye/cmake/getirkurye__rosidl_typesupport_cppExport.cmake
-- Up-to-date: /home/demirhan/ros2_ws/install/getirkurye/share/getirkurye/cmake/getirkurye__rosidl_typesupport_cppExport-noconfig.cmake
-- Up-to-date: /home/demirhan/ros2_ws/install/getirkurye/share/getirkurye/cmake/export_getirkurye__rosidl_generator_pyExport.cmake
-- Up-to-date: /home/demirhan/ros2_ws/install/getirkurye/share/getirkurye/cmake/export_getirkurye__rosidl_generator_pyExport-noconfig.cmake
-- Up-to-date: /home/demirhan/ros2_ws/install/getirkurye/share/getirkurye/cmake/rosidl_cmake-extras.cmake
-- Up-to-date: /home/demirhan/ros2_ws/install/getirkurye/share/getirkurye/cmake/ament_cmake_export_dependencies-extras.cmake
-- Up-to-date: /home/demirhan/ros2_ws/install/getirkurye/share/getirkurye/cmake/ament_cmake_export_include_directories-extras.cmake
-- Up-to-date: /home/demirhan/ros2_ws/install/getirkurye/share/getirkurye/cmake/ament_cmake_export_libraries-extras.cmake
-- Up-to-date: /home/demirhan/ros2_ws/install/getirkurye/share/getirkurye/cmake/ament_cmake_export_targets-extras.cmake
-- Up-to-date: /home/demirhan/ros2_ws/install/getirkurye/share/getirkurye/cmake/rosidl_cmake_export_typesupport_targets-extras.cmake
-- Up-to-date: /home/demirhan/ros2_ws/install/getirkurye/share/getirkurye/cmake/rosidl_cmake_export_typesupport_libraries-extras.cmake
-- Up-to-date: /home/demirhan/ros2_ws/install/getirkurye/share/getirkurye/cmake/getirkuryeConfig.cmake
-- Up-to-date: /home/demirhan/ros2_ws/install/getirkurye/share/getirkurye/cmake/getirkuryeConfig-version.cmake
-- Up-to-date: /home/demirhan/ros2_ws/install/getirkurye/share/getirkurye/package.xml
