[0.008s] Invoking command in '/home/demirhan/ros2_ws/build/getirkurye': CMAKE_PREFIX_PATH=/home/demirhan/ros2_ws/install/my_robot_controller:/home/demirhan/ros2_ws/install/dlklc:/opt/ros/humble /usr/bin/cmake /home/demirhan/ros2_ws/src/getirkurye -DCMAKE_INSTALL_PREFIX=/home/demirhan/ros2_ws/install/getirkurye
[0.016s] -- Found ament_cmake: 1.3.10 (/opt/ros/humble/share/ament_cmake/cmake)
[0.093s] -- Found geometry_msgs: 4.2.4 (/opt/ros/humble/share/geometry_msgs/cmake)
[0.106s] -- Found rosidl_generator_c: 3.1.5 (/opt/ros/humble/share/rosidl_generator_c/cmake)
[0.108s] -- Found rosidl_adapter: 3.1.5 (/opt/ros/humble/share/rosidl_adapter/cmake)
[0.111s] -- Found rosidl_generator_cpp: 3.1.5 (/opt/ros/humble/share/rosidl_generator_cpp/cmake)
[0.116s] -- Using all available rosidl_typesupport_c: rosidl_typesupport_fastrtps_c;rosidl_typesupport_introspection_c
[0.123s] -- Using all available rosidl_typesupport_cpp: rosidl_typesupport_fastrtps_cpp;rosidl_typesupport_introspection_cpp
[0.142s] -- Found rosidl_default_generators: 1.2.0 (/opt/ros/humble/share/rosidl_default_generators/cmake)
[0.220s] [31mCMake Error at /opt/ros/humble/share/rosidl_cmake/cmake/rosidl_generate_interfaces.cmake:213 (add_custom_target):
[0.220s]   add_custom_target called with invalid target name "msg/Turtle_info.msg".
[0.220s]   Target names may not contain a slash.  Use ADD_CUSTOM_COMMAND to generate
[0.220s]   files.
[0.220s] Call Stack (most recent call first):
[0.220s]   CMakeLists.txt:16 (rosidl_generate_interfaces)
[0.220s] 
[0.220s] [0m
[0.220s] -- Found ament_lint_auto: 0.12.11 (/opt/ros/humble/share/ament_lint_auto/cmake)
[0.260s] -- Added test 'lint_cmake' to check CMake code style
[0.260s] -- Added test 'xmllint' to check XML markup files
[0.260s] -- Configuring incomplete, errors occurred!
[0.261s] See also "/home/demirhan/ros2_ws/build/getirkurye/CMakeFiles/CMakeOutput.log".
[0.264s] Invoked command in '/home/demirhan/ros2_ws/build/getirkurye' returned '1': CMAKE_PREFIX_PATH=/home/demirhan/ros2_ws/install/my_robot_controller:/home/demirhan/ros2_ws/install/dlklc:/opt/ros/humble /usr/bin/cmake /home/demirhan/ros2_ws/src/getirkurye -DCMAKE_INSTALL_PREFIX=/home/demirhan/ros2_ws/install/getirkurye
