-- Found ament_cmake: 1.3.10 (/opt/ros/humble/share/ament_cmake/cmake)
-- Found geometry_msgs: 4.2.4 (/opt/ros/humble/share/geometry_msgs/cmake)
-- Found rosidl_generator_c: 3.1.5 (/opt/ros/humble/share/rosidl_generator_c/cmake)
-- Found rosidl_adapter: 3.1.5 (/opt/ros/humble/share/rosidl_adapter/cmake)
-- Found rosidl_generator_cpp: 3.1.5 (/opt/ros/humble/share/rosidl_generator_cpp/cmake)
-- Using all available rosidl_typesupport_c: rosidl_typesupport_fastrtps_c;rosidl_typesupport_introspection_c
-- Using all available rosidl_typesupport_cpp: rosidl_typesupport_fastrtps_cpp;rosidl_typesupport_introspection_cpp
-- Found rosidl_default_generators: 1.2.0 (/opt/ros/humble/share/rosidl_default_generators/cmake)
-- Found ament_cmake_ros: 0.10.0 (/opt/ros/humble/share/ament_cmake_ros/cmake)
-- Using all available rosidl_typesupport_c: rosidl_typesupport_fastrtps_c;rosidl_typesupport_introspection_c
-- Using all available rosidl_typesupport_cpp: rosidl_typesupport_fastrtps_cpp;rosidl_typesupport_introspection_cpp
-- Found PythonInterp: /usr/bin/python3 (found suitable version "3.10.12", minimum required is "3.6") 
-- Found python_cmake_module: 0.10.0 (/opt/ros/humble/share/python_cmake_module/cmake)
-- Found PythonLibs: /usr/lib/x86_64-linux-gnu/libpython3.10.so (found suitable version "3.10.12", minimum required is "3.5") 
-- Using PYTHON_EXECUTABLE: /usr/bin/python3
-- Using PYTHON_INCLUDE_DIRS: /usr/include/python3.10
-- Using PYTHON_LIBRARIES: /usr/lib/x86_64-linux-gnu/libpython3.10.so
-- Found PythonExtra: .so  
-- Found ament_lint_auto: 0.12.11 (/opt/ros/humble/share/ament_lint_auto/cmake)
-- Added test 'lint_cmake' to check CMake code style
-- Added test 'xmllint' to check XML markup files
-- Configuring done
-- Generating done
-- Build files have been written to: /home/demirhan/ros2_ws/build/getirkurye
[  2%] [34m[1mGenerating C code for ROS interfaces[0m
[  5%] [34m[1mGenerating C++ code for ROS interfaces[0m
[  5%] Built target ament_cmake_python_copy_getirkurye
running egg_info
creating getirkurye.egg-info
writing getirkurye.egg-info/PKG-INFO
writing dependency_links to getirkurye.egg-info/dependency_links.txt
writing top-level names to getirkurye.egg-info/top_level.txt
writing manifest file 'getirkurye.egg-info/SOURCES.txt'
reading manifest file 'getirkurye.egg-info/SOURCES.txt'
writing manifest file 'getirkurye.egg-info/SOURCES.txt'
[  5%] Built target ament_cmake_python_build_getirkurye_egg
[  5%] Built target getirkurye__cpp
[  7%] [34m[1mGenerating C++ type support dispatch for ROS interfaces[0m
[ 10%] [34m[1mGenerating C++ introspection for ROS interfaces[0m
[ 12%] [34m[1mGenerating C++ type support for eProsima Fast-RTPS[0m
[ 15%] [32mBuilding C object CMakeFiles/getirkurye__rosidl_generator_c.dir/rosidl_generator_c/getirkurye/srv/detail/set_coordinates__functions.c.o[0m
[ 17%] [32mBuilding C object CMakeFiles/getirkurye__rosidl_generator_c.dir/rosidl_generator_c/getirkurye/msg/detail/turtle_info__functions.c.o[0m
[ 20%] [32m[1mLinking C shared library libgetirkurye__rosidl_generator_c.so[0m
[ 20%] Built target getirkurye__rosidl_generator_c
[ 28%] [34m[1mGenerating C introspection for ROS interfaces[0m
[ 28%] [34m[1mGenerating C type support dispatch for ROS interfaces[0m
[ 28%] [34m[1mGenerating C type support for eProsima Fast-RTPS[0m
[ 30%] [32mBuilding CXX object CMakeFiles/getirkurye__rosidl_typesupport_cpp.dir/rosidl_typesupport_cpp/getirkurye/srv/set_coordinates__type_support.cpp.o[0m
[ 33%] [32mBuilding CXX object CMakeFiles/getirkurye__rosidl_typesupport_cpp.dir/rosidl_typesupport_cpp/getirkurye/msg/turtle_info__type_support.cpp.o[0m
[ 35%] [32mBuilding CXX object CMakeFiles/getirkurye__rosidl_typesupport_introspection_cpp.dir/rosidl_typesupport_introspection_cpp/getirkurye/srv/detail/set_coordinates__type_support.cpp.o[0m
[ 38%] [32mBuilding CXX object CMakeFiles/getirkurye__rosidl_typesupport_introspection_cpp.dir/rosidl_typesupport_introspection_cpp/getirkurye/msg/detail/turtle_info__type_support.cpp.o[0m
[ 41%] [32mBuilding CXX object CMakeFiles/getirkurye__rosidl_typesupport_fastrtps_cpp.dir/rosidl_typesupport_fastrtps_cpp/getirkurye/srv/detail/dds_fastrtps/set_coordinates__type_support.cpp.o[0m
[ 43%] [32mBuilding CXX object CMakeFiles/getirkurye__rosidl_typesupport_fastrtps_cpp.dir/rosidl_typesupport_fastrtps_cpp/getirkurye/msg/detail/dds_fastrtps/turtle_info__type_support.cpp.o[0m
[ 46%] [32mBuilding CXX object CMakeFiles/getirkurye__rosidl_typesupport_c.dir/rosidl_typesupport_c/getirkurye/msg/turtle_info__type_support.cpp.o[0m
[ 48%] [32mBuilding CXX object CMakeFiles/getirkurye__rosidl_typesupport_c.dir/rosidl_typesupport_c/getirkurye/srv/set_coordinates__type_support.cpp.o[0m
[ 51%] [32mBuilding CXX object CMakeFiles/getirkurye__rosidl_typesupport_fastrtps_c.dir/rosidl_typesupport_fastrtps_c/getirkurye/srv/detail/set_coordinates__type_support_c.cpp.o[0m
[ 53%] [32mBuilding CXX object CMakeFiles/getirkurye__rosidl_typesupport_fastrtps_c.dir/rosidl_typesupport_fastrtps_c/getirkurye/msg/detail/turtle_info__type_support_c.cpp.o[0m
[ 56%] [32m[1mLinking CXX shared library libgetirkurye__rosidl_typesupport_c.so[0m
[ 58%] [32mBuilding C object CMakeFiles/getirkurye__rosidl_typesupport_introspection_c.dir/rosidl_typesupport_introspection_c/getirkurye/msg/detail/turtle_info__type_support.c.o[0m
[ 61%] [32mBuilding C object CMakeFiles/getirkurye__rosidl_typesupport_introspection_c.dir/rosidl_typesupport_introspection_c/getirkurye/srv/detail/set_coordinates__type_support.c.o[0m
[ 64%] [32m[1mLinking C shared library libgetirkurye__rosidl_typesupport_introspection_c.so[0m
[ 64%] Built target getirkurye__rosidl_typesupport_c
[ 64%] Built target getirkurye__rosidl_typesupport_introspection_c
[ 66%] [32m[1mLinking CXX shared library libgetirkurye__rosidl_typesupport_cpp.so[0m
[ 69%] [32m[1mLinking CXX shared library libgetirkurye__rosidl_typesupport_fastrtps_cpp.so[0m
[ 69%] Built target getirkurye__rosidl_typesupport_cpp
[ 71%] [32m[1mLinking CXX shared library libgetirkurye__rosidl_typesupport_introspection_cpp.so[0m
[ 71%] Built target getirkurye__rosidl_typesupport_fastrtps_cpp
[ 74%] [32m[1mLinking CXX shared library libgetirkurye__rosidl_typesupport_fastrtps_c.so[0m
[ 74%] Built target getirkurye__rosidl_typesupport_introspection_cpp
[ 74%] Built target getirkurye__rosidl_typesupport_fastrtps_c
[ 74%] Built target getirkurye
[ 76%] [34m[1mGenerating Python code for ROS interfaces[0m
[ 76%] Built target getirkurye__py
[ 79%] [32mBuilding C object CMakeFiles/getirkurye__rosidl_generator_py.dir/rosidl_generator_py/getirkurye/srv/_set_coordinates_s.c.o[0m
[ 82%] [32mBuilding C object CMakeFiles/getirkurye__rosidl_generator_py.dir/rosidl_generator_py/getirkurye/msg/_turtle_info_s.c.o[0m
[ 84%] [32m[1mLinking C shared library rosidl_generator_py/getirkurye/libgetirkurye__rosidl_generator_py.so[0m
[ 84%] Built target getirkurye__rosidl_generator_py
[ 87%] [32mBuilding C object CMakeFiles/getirkurye__rosidl_typesupport_introspection_c__pyext.dir/rosidl_generator_py/getirkurye/_getirkurye_s.ep.rosidl_typesupport_introspection_c.c.o[0m
[ 89%] [32mBuilding C object CMakeFiles/getirkurye__rosidl_typesupport_c__pyext.dir/rosidl_generator_py/getirkurye/_getirkurye_s.ep.rosidl_typesupport_c.c.o[0m
[ 92%] [32mBuilding C object CMakeFiles/getirkurye__rosidl_typesupport_fastrtps_c__pyext.dir/rosidl_generator_py/getirkurye/_getirkurye_s.ep.rosidl_typesupport_fastrtps_c.c.o[0m
[ 94%] [32m[1mLinking C shared library rosidl_generator_py/getirkurye/getirkurye_s__rosidl_typesupport_introspection_c.cpython-310-x86_64-linux-gnu.so[0m
[ 97%] [32m[1mLinking C shared library rosidl_generator_py/getirkurye/getirkurye_s__rosidl_typesupport_c.cpython-310-x86_64-linux-gnu.so[0m
[100%] [32m[1mLinking C shared library rosidl_generator_py/getirkurye/getirkurye_s__rosidl_typesupport_fastrtps_c.cpython-310-x86_64-linux-gnu.so[0m
[100%] Built target getirkurye__rosidl_typesupport_fastrtps_c__pyext
[100%] Built target getirkurye__rosidl_typesupport_c__pyext
[100%] Built target getirkurye__rosidl_typesupport_introspection_c__pyext
-- Install configuration: ""
-- Installing: /home/demirhan/ros2_ws/install/getirkurye/share/ament_index/resource_index/rosidl_interfaces/getirkurye
-- Installing: /home/demirhan/ros2_ws/install/getirkurye/include/getirkurye/getirkurye
-- Installing: /home/demirhan/ros2_ws/install/getirkurye/include/getirkurye/getirkurye/msg
-- Installing: /home/demirhan/ros2_ws/install/getirkurye/include/getirkurye/getirkurye/msg/rosidl_generator_c__visibility_control.h
-- Installing: /home/demirhan/ros2_ws/install/getirkurye/include/getirkurye/getirkurye/msg/turtle_info.h
-- Installing: /home/demirhan/ros2_ws/install/getirkurye/include/getirkurye/getirkurye/msg/detail
-- Installing: /home/demirhan/ros2_ws/install/getirkurye/include/getirkurye/getirkurye/msg/detail/turtle_info__struct.h
-- Installing: /home/demirhan/ros2_ws/install/getirkurye/include/getirkurye/getirkurye/msg/detail/turtle_info__functions.c
-- Installing: /home/demirhan/ros2_ws/install/getirkurye/include/getirkurye/getirkurye/msg/detail/turtle_info__type_support.h
-- Installing: /home/demirhan/ros2_ws/install/getirkurye/include/getirkurye/getirkurye/msg/detail/turtle_info__functions.h
-- Installing: /home/demirhan/ros2_ws/install/getirkurye/include/getirkurye/getirkurye/srv
-- Installing: /home/demirhan/ros2_ws/install/getirkurye/include/getirkurye/getirkurye/srv/set_coordinates.h
-- Installing: /home/demirhan/ros2_ws/install/getirkurye/include/getirkurye/getirkurye/srv/detail
-- Installing: /home/demirhan/ros2_ws/install/getirkurye/include/getirkurye/getirkurye/srv/detail/set_coordinates__struct.h
-- Installing: /home/demirhan/ros2_ws/install/getirkurye/include/getirkurye/getirkurye/srv/detail/set_coordinates__functions.h
-- Installing: /home/demirhan/ros2_ws/install/getirkurye/include/getirkurye/getirkurye/srv/detail/set_coordinates__type_support.h
-- Installing: /home/demirhan/ros2_ws/install/getirkurye/include/getirkurye/getirkurye/srv/detail/set_coordinates__functions.c
-- Installing: /home/demirhan/ros2_ws/install/getirkurye/share/getirkurye/environment/library_path.sh
-- Installing: /home/demirhan/ros2_ws/install/getirkurye/share/getirkurye/environment/library_path.dsv
-- Installing: /home/demirhan/ros2_ws/install/getirkurye/lib/libgetirkurye__rosidl_generator_c.so
-- Set runtime path of "/home/demirhan/ros2_ws/install/getirkurye/lib/libgetirkurye__rosidl_generator_c.so" to ""
-- Up-to-date: /home/demirhan/ros2_ws/install/getirkurye/include/getirkurye/getirkurye
-- Up-to-date: /home/demirhan/ros2_ws/install/getirkurye/include/getirkurye/getirkurye/msg
-- Up-to-date: /home/demirhan/ros2_ws/install/getirkurye/include/getirkurye/getirkurye/msg/detail
-- Installing: /home/demirhan/ros2_ws/install/getirkurye/include/getirkurye/getirkurye/msg/detail/turtle_info__rosidl_typesupport_fastrtps_c.h
-- Installing: /home/demirhan/ros2_ws/install/getirkurye/include/getirkurye/getirkurye/msg/rosidl_typesupport_fastrtps_c__visibility_control.h
-- Up-to-date: /home/demirhan/ros2_ws/install/getirkurye/include/getirkurye/getirkurye/srv
-- Up-to-date: /home/demirhan/ros2_ws/install/getirkurye/include/getirkurye/getirkurye/srv/detail
-- Installing: /home/demirhan/ros2_ws/install/getirkurye/include/getirkurye/getirkurye/srv/detail/set_coordinates__rosidl_typesupport_fastrtps_c.h
-- Installing: /home/demirhan/ros2_ws/install/getirkurye/lib/libgetirkurye__rosidl_typesupport_fastrtps_c.so
-- Set runtime path of "/home/demirhan/ros2_ws/install/getirkurye/lib/libgetirkurye__rosidl_typesupport_fastrtps_c.so" to ""
-- Up-to-date: /home/demirhan/ros2_ws/install/getirkurye/include/getirkurye/getirkurye
-- Up-to-date: /home/demirhan/ros2_ws/install/getirkurye/include/getirkurye/getirkurye/msg
-- Installing: /home/demirhan/ros2_ws/install/getirkurye/include/getirkurye/getirkurye/msg/turtle_info.hpp
-- Up-to-date: /home/demirhan/ros2_ws/install/getirkurye/include/getirkurye/getirkurye/msg/detail
-- Installing: /home/demirhan/ros2_ws/install/getirkurye/include/getirkurye/getirkurye/msg/detail/turtle_info__struct.hpp
-- Installing: /home/demirhan/ros2_ws/install/getirkurye/include/getirkurye/getirkurye/msg/detail/turtle_info__traits.hpp
-- Installing: /home/demirhan/ros2_ws/install/getirkurye/include/getirkurye/getirkurye/msg/detail/turtle_info__builder.hpp
-- Up-to-date: /home/demirhan/ros2_ws/install/getirkurye/include/getirkurye/getirkurye/srv
-- Installing: /home/demirhan/ros2_ws/install/getirkurye/include/getirkurye/getirkurye/srv/set_coordinates.hpp
-- Up-to-date: /home/demirhan/ros2_ws/install/getirkurye/include/getirkurye/getirkurye/srv/detail
-- Installing: /home/demirhan/ros2_ws/install/getirkurye/include/getirkurye/getirkurye/srv/detail/set_coordinates__traits.hpp
-- Installing: /home/demirhan/ros2_ws/install/getirkurye/include/getirkurye/getirkurye/srv/detail/set_coordinates__builder.hpp
-- Installing: /home/demirhan/ros2_ws/install/getirkurye/include/getirkurye/getirkurye/srv/detail/set_coordinates__struct.hpp
-- Up-to-date: /home/demirhan/ros2_ws/install/getirkurye/include/getirkurye/getirkurye
-- Up-to-date: /home/demirhan/ros2_ws/install/getirkurye/include/getirkurye/getirkurye/msg
-- Installing: /home/demirhan/ros2_ws/install/getirkurye/include/getirkurye/getirkurye/msg/rosidl_typesupport_fastrtps_cpp__visibility_control.h
-- Up-to-date: /home/demirhan/ros2_ws/install/getirkurye/include/getirkurye/getirkurye/msg/detail
-- Installing: /home/demirhan/ros2_ws/install/getirkurye/include/getirkurye/getirkurye/msg/detail/turtle_info__rosidl_typesupport_fastrtps_cpp.hpp
-- Installing: /home/demirhan/ros2_ws/install/getirkurye/include/getirkurye/getirkurye/msg/detail/dds_fastrtps
-- Up-to-date: /home/demirhan/ros2_ws/install/getirkurye/include/getirkurye/getirkurye/srv
-- Up-to-date: /home/demirhan/ros2_ws/install/getirkurye/include/getirkurye/getirkurye/srv/detail
-- Installing: /home/demirhan/ros2_ws/install/getirkurye/include/getirkurye/getirkurye/srv/detail/dds_fastrtps
-- Installing: /home/demirhan/ros2_ws/install/getirkurye/include/getirkurye/getirkurye/srv/detail/set_coordinates__rosidl_typesupport_fastrtps_cpp.hpp
-- Installing: /home/demirhan/ros2_ws/install/getirkurye/lib/libgetirkurye__rosidl_typesupport_fastrtps_cpp.so
-- Set runtime path of "/home/demirhan/ros2_ws/install/getirkurye/lib/libgetirkurye__rosidl_typesupport_fastrtps_cpp.so" to ""
-- Up-to-date: /home/demirhan/ros2_ws/install/getirkurye/include/getirkurye/getirkurye
-- Up-to-date: /home/demirhan/ros2_ws/install/getirkurye/include/getirkurye/getirkurye/msg
-- Installing: /home/demirhan/ros2_ws/install/getirkurye/include/getirkurye/getirkurye/msg/rosidl_typesupport_introspection_c__visibility_control.h
-- Up-to-date: /home/demirhan/ros2_ws/install/getirkurye/include/getirkurye/getirkurye/msg/detail
-- Installing: /home/demirhan/ros2_ws/install/getirkurye/include/getirkurye/getirkurye/msg/detail/turtle_info__rosidl_typesupport_introspection_c.h
-- Installing: /home/demirhan/ros2_ws/install/getirkurye/include/getirkurye/getirkurye/msg/detail/turtle_info__type_support.c
-- Up-to-date: /home/demirhan/ros2_ws/install/getirkurye/include/getirkurye/getirkurye/srv
-- Up-to-date: /home/demirhan/ros2_ws/install/getirkurye/include/getirkurye/getirkurye/srv/detail
-- Installing: /home/demirhan/ros2_ws/install/getirkurye/include/getirkurye/getirkurye/srv/detail/set_coordinates__type_support.c
-- Installing: /home/demirhan/ros2_ws/install/getirkurye/include/getirkurye/getirkurye/srv/detail/set_coordinates__rosidl_typesupport_introspection_c.h
-- Installing: /home/demirhan/ros2_ws/install/getirkurye/lib/libgetirkurye__rosidl_typesupport_introspection_c.so
-- Set runtime path of "/home/demirhan/ros2_ws/install/getirkurye/lib/libgetirkurye__rosidl_typesupport_introspection_c.so" to ""
-- Installing: /home/demirhan/ros2_ws/install/getirkurye/lib/libgetirkurye__rosidl_typesupport_c.so
-- Set runtime path of "/home/demirhan/ros2_ws/install/getirkurye/lib/libgetirkurye__rosidl_typesupport_c.so" to ""
-- Up-to-date: /home/demirhan/ros2_ws/install/getirkurye/include/getirkurye/getirkurye
-- Up-to-date: /home/demirhan/ros2_ws/install/getirkurye/include/getirkurye/getirkurye/msg
-- Up-to-date: /home/demirhan/ros2_ws/install/getirkurye/include/getirkurye/getirkurye/msg/detail
-- Installing: /home/demirhan/ros2_ws/install/getirkurye/include/getirkurye/getirkurye/msg/detail/turtle_info__type_support.cpp
-- Installing: /home/demirhan/ros2_ws/install/getirkurye/include/getirkurye/getirkurye/msg/detail/turtle_info__rosidl_typesupport_introspection_cpp.hpp
-- Up-to-date: /home/demirhan/ros2_ws/install/getirkurye/include/getirkurye/getirkurye/srv
-- Up-to-date: /home/demirhan/ros2_ws/install/getirkurye/include/getirkurye/getirkurye/srv/detail
-- Installing: /home/demirhan/ros2_ws/install/getirkurye/include/getirkurye/getirkurye/srv/detail/set_coordinates__type_support.cpp
-- Installing: /home/demirhan/ros2_ws/install/getirkurye/include/getirkurye/getirkurye/srv/detail/set_coordinates__rosidl_typesupport_introspection_cpp.hpp
-- Installing: /home/demirhan/ros2_ws/install/getirkurye/lib/libgetirkurye__rosidl_typesupport_introspection_cpp.so
-- Set runtime path of "/home/demirhan/ros2_ws/install/getirkurye/lib/libgetirkurye__rosidl_typesupport_introspection_cpp.so" to ""
-- Installing: /home/demirhan/ros2_ws/install/getirkurye/lib/libgetirkurye__rosidl_typesupport_cpp.so
-- Set runtime path of "/home/demirhan/ros2_ws/install/getirkurye/lib/libgetirkurye__rosidl_typesupport_cpp.so" to ""
-- Installing: /home/demirhan/ros2_ws/install/getirkurye/share/getirkurye/environment/pythonpath.sh
-- Installing: /home/demirhan/ros2_ws/install/getirkurye/share/getirkurye/environment/pythonpath.dsv
-- Installing: /home/demirhan/ros2_ws/install/getirkurye/local/lib/python3.10/dist-packages/getirkurye-0.0.0-py3.10.egg-info
-- Installing: /home/demirhan/ros2_ws/install/getirkurye/local/lib/python3.10/dist-packages/getirkurye-0.0.0-py3.10.egg-info/SOURCES.txt
-- Installing: /home/demirhan/ros2_ws/install/getirkurye/local/lib/python3.10/dist-packages/getirkurye-0.0.0-py3.10.egg-info/PKG-INFO
-- Installing: /home/demirhan/ros2_ws/install/getirkurye/local/lib/python3.10/dist-packages/getirkurye-0.0.0-py3.10.egg-info/top_level.txt
-- Installing: /home/demirhan/ros2_ws/install/getirkurye/local/lib/python3.10/dist-packages/getirkurye-0.0.0-py3.10.egg-info/dependency_links.txt
-- Installing: /home/demirhan/ros2_ws/install/getirkurye/local/lib/python3.10/dist-packages/getirkurye
-- Installing: /home/demirhan/ros2_ws/install/getirkurye/local/lib/python3.10/dist-packages/getirkurye/getirkurye_s__rosidl_typesupport_c.cpython-310-x86_64-linux-gnu.so
-- Installing: /home/demirhan/ros2_ws/install/getirkurye/local/lib/python3.10/dist-packages/getirkurye/libgetirkurye__rosidl_generator_py.so
-- Installing: /home/demirhan/ros2_ws/install/getirkurye/local/lib/python3.10/dist-packages/getirkurye/_getirkurye_s.ep.rosidl_typesupport_introspection_c.c
-- Installing: /home/demirhan/ros2_ws/install/getirkurye/local/lib/python3.10/dist-packages/getirkurye/msg
-- Installing: /home/demirhan/ros2_ws/install/getirkurye/local/lib/python3.10/dist-packages/getirkurye/msg/_turtle_info.py
-- Installing: /home/demirhan/ros2_ws/install/getirkurye/local/lib/python3.10/dist-packages/getirkurye/msg/__init__.py
-- Installing: /home/demirhan/ros2_ws/install/getirkurye/local/lib/python3.10/dist-packages/getirkurye/msg/_turtle_info_s.c
-- Installing: /home/demirhan/ros2_ws/install/getirkurye/local/lib/python3.10/dist-packages/getirkurye/__init__.py
-- Installing: /home/demirhan/ros2_ws/install/getirkurye/local/lib/python3.10/dist-packages/getirkurye/srv
-- Installing: /home/demirhan/ros2_ws/install/getirkurye/local/lib/python3.10/dist-packages/getirkurye/srv/__init__.py
-- Installing: /home/demirhan/ros2_ws/install/getirkurye/local/lib/python3.10/dist-packages/getirkurye/srv/_set_coordinates_s.c
-- Installing: /home/demirhan/ros2_ws/install/getirkurye/local/lib/python3.10/dist-packages/getirkurye/srv/_set_coordinates.py
-- Installing: /home/demirhan/ros2_ws/install/getirkurye/local/lib/python3.10/dist-packages/getirkurye/getirkurye_s__rosidl_typesupport_introspection_c.cpython-310-x86_64-linux-gnu.so
-- Installing: /home/demirhan/ros2_ws/install/getirkurye/local/lib/python3.10/dist-packages/getirkurye/_getirkurye_s.ep.rosidl_typesupport_fastrtps_c.c
-- Installing: /home/demirhan/ros2_ws/install/getirkurye/local/lib/python3.10/dist-packages/getirkurye/_getirkurye_s.ep.rosidl_typesupport_c.c
-- Installing: /home/demirhan/ros2_ws/install/getirkurye/local/lib/python3.10/dist-packages/getirkurye/getirkurye_s__rosidl_typesupport_fastrtps_c.cpython-310-x86_64-linux-gnu.so
Listing '/home/demirhan/ros2_ws/install/getirkurye/local/lib/python3.10/dist-packages/getirkurye'...
Compiling '/home/demirhan/ros2_ws/install/getirkurye/local/lib/python3.10/dist-packages/getirkurye/__init__.py'...
Listing '/home/demirhan/ros2_ws/install/getirkurye/local/lib/python3.10/dist-packages/getirkurye/msg'...
Compiling '/home/demirhan/ros2_ws/install/getirkurye/local/lib/python3.10/dist-packages/getirkurye/msg/__init__.py'...
Compiling '/home/demirhan/ros2_ws/install/getirkurye/local/lib/python3.10/dist-packages/getirkurye/msg/_turtle_info.py'...
Listing '/home/demirhan/ros2_ws/install/getirkurye/local/lib/python3.10/dist-packages/getirkurye/srv'...
Compiling '/home/demirhan/ros2_ws/install/getirkurye/local/lib/python3.10/dist-packages/getirkurye/srv/__init__.py'...
Compiling '/home/demirhan/ros2_ws/install/getirkurye/local/lib/python3.10/dist-packages/getirkurye/srv/_set_coordinates.py'...
-- Installing: /home/demirhan/ros2_ws/install/getirkurye/local/lib/python3.10/dist-packages/getirkurye/getirkurye_s__rosidl_typesupport_fastrtps_c.cpython-310-x86_64-linux-gnu.so
-- Set runtime path of "/home/demirhan/ros2_ws/install/getirkurye/local/lib/python3.10/dist-packages/getirkurye/getirkurye_s__rosidl_typesupport_fastrtps_c.cpython-310-x86_64-linux-gnu.so" to ""
-- Installing: /home/demirhan/ros2_ws/install/getirkurye/local/lib/python3.10/dist-packages/getirkurye/getirkurye_s__rosidl_typesupport_introspection_c.cpython-310-x86_64-linux-gnu.so
-- Set runtime path of "/home/demirhan/ros2_ws/install/getirkurye/local/lib/python3.10/dist-packages/getirkurye/getirkurye_s__rosidl_typesupport_introspection_c.cpython-310-x86_64-linux-gnu.so" to ""
-- Installing: /home/demirhan/ros2_ws/install/getirkurye/local/lib/python3.10/dist-packages/getirkurye/getirkurye_s__rosidl_typesupport_c.cpython-310-x86_64-linux-gnu.so
-- Set runtime path of "/home/demirhan/ros2_ws/install/getirkurye/local/lib/python3.10/dist-packages/getirkurye/getirkurye_s__rosidl_typesupport_c.cpython-310-x86_64-linux-gnu.so" to ""
-- Installing: /home/demirhan/ros2_ws/install/getirkurye/lib/libgetirkurye__rosidl_generator_py.so
-- Set runtime path of "/home/demirhan/ros2_ws/install/getirkurye/lib/libgetirkurye__rosidl_generator_py.so" to ""
-- Installing: /home/demirhan/ros2_ws/install/getirkurye/share/getirkurye/msg/TurtleInfo.idl
-- Installing: /home/demirhan/ros2_ws/install/getirkurye/share/getirkurye/srv/SetCoordinates.idl
-- Installing: /home/demirhan/ros2_ws/install/getirkurye/share/getirkurye/msg/TurtleInfo.msg
-- Installing: /home/demirhan/ros2_ws/install/getirkurye/share/getirkurye/srv/SetCoordinates.srv
-- Installing: /home/demirhan/ros2_ws/install/getirkurye/share/getirkurye/srv/SetCoordinates_Request.msg
-- Installing: /home/demirhan/ros2_ws/install/getirkurye/share/getirkurye/srv/SetCoordinates_Response.msg
-- Installing: /home/demirhan/ros2_ws/install/getirkurye/share/ament_index/resource_index/package_run_dependencies/getirkurye
-- Installing: /home/demirhan/ros2_ws/install/getirkurye/share/ament_index/resource_index/parent_prefix_path/getirkurye
-- Installing: /home/demirhan/ros2_ws/install/getirkurye/share/getirkurye/environment/ament_prefix_path.sh
-- Installing: /home/demirhan/ros2_ws/install/getirkurye/share/getirkurye/environment/ament_prefix_path.dsv
-- Installing: /home/demirhan/ros2_ws/install/getirkurye/share/getirkurye/environment/path.sh
-- Installing: /home/demirhan/ros2_ws/install/getirkurye/share/getirkurye/environment/path.dsv
-- Installing: /home/demirhan/ros2_ws/install/getirkurye/share/getirkurye/local_setup.bash
-- Installing: /home/demirhan/ros2_ws/install/getirkurye/share/getirkurye/local_setup.sh
-- Installing: /home/demirhan/ros2_ws/install/getirkurye/share/getirkurye/local_setup.zsh
-- Installing: /home/demirhan/ros2_ws/install/getirkurye/share/getirkurye/local_setup.dsv
-- Installing: /home/demirhan/ros2_ws/install/getirkurye/share/getirkurye/package.dsv
-- Installing: /home/demirhan/ros2_ws/install/getirkurye/share/ament_index/resource_index/packages/getirkurye
-- Installing: /home/demirhan/ros2_ws/install/getirkurye/share/getirkurye/cmake/export_getirkurye__rosidl_generator_cExport.cmake
-- Installing: /home/demirhan/ros2_ws/install/getirkurye/share/getirkurye/cmake/export_getirkurye__rosidl_generator_cExport-noconfig.cmake
-- Installing: /home/demirhan/ros2_ws/install/getirkurye/share/getirkurye/cmake/export_getirkurye__rosidl_typesupport_fastrtps_cExport.cmake
-- Installing: /home/demirhan/ros2_ws/install/getirkurye/share/getirkurye/cmake/export_getirkurye__rosidl_typesupport_fastrtps_cExport-noconfig.cmake
-- Installing: /home/demirhan/ros2_ws/install/getirkurye/share/getirkurye/cmake/export_getirkurye__rosidl_generator_cppExport.cmake
-- Installing: /home/demirhan/ros2_ws/install/getirkurye/share/getirkurye/cmake/export_getirkurye__rosidl_typesupport_fastrtps_cppExport.cmake
-- Installing: /home/demirhan/ros2_ws/install/getirkurye/share/getirkurye/cmake/export_getirkurye__rosidl_typesupport_fastrtps_cppExport-noconfig.cmake
-- Installing: /home/demirhan/ros2_ws/install/getirkurye/share/getirkurye/cmake/getirkurye__rosidl_typesupport_introspection_cExport.cmake
-- Installing: /home/demirhan/ros2_ws/install/getirkurye/share/getirkurye/cmake/getirkurye__rosidl_typesupport_introspection_cExport-noconfig.cmake
-- Installing: /home/demirhan/ros2_ws/install/getirkurye/share/getirkurye/cmake/getirkurye__rosidl_typesupport_cExport.cmake
-- Installing: /home/demirhan/ros2_ws/install/getirkurye/share/getirkurye/cmake/getirkurye__rosidl_typesupport_cExport-noconfig.cmake
-- Installing: /home/demirhan/ros2_ws/install/getirkurye/share/getirkurye/cmake/getirkurye__rosidl_typesupport_introspection_cppExport.cmake
-- Installing: /home/demirhan/ros2_ws/install/getirkurye/share/getirkurye/cmake/getirkurye__rosidl_typesupport_introspection_cppExport-noconfig.cmake
-- Installing: /home/demirhan/ros2_ws/install/getirkurye/share/getirkurye/cmake/getirkurye__rosidl_typesupport_cppExport.cmake
-- Installing: /home/demirhan/ros2_ws/install/getirkurye/share/getirkurye/cmake/getirkurye__rosidl_typesupport_cppExport-noconfig.cmake
-- Installing: /home/demirhan/ros2_ws/install/getirkurye/share/getirkurye/cmake/export_getirkurye__rosidl_generator_pyExport.cmake
-- Installing: /home/demirhan/ros2_ws/install/getirkurye/share/getirkurye/cmake/export_getirkurye__rosidl_generator_pyExport-noconfig.cmake
-- Installing: /home/demirhan/ros2_ws/install/getirkurye/share/getirkurye/cmake/rosidl_cmake-extras.cmake
-- Installing: /home/demirhan/ros2_ws/install/getirkurye/share/getirkurye/cmake/ament_cmake_export_dependencies-extras.cmake
-- Installing: /home/demirhan/ros2_ws/install/getirkurye/share/getirkurye/cmake/ament_cmake_export_include_directories-extras.cmake
-- Installing: /home/demirhan/ros2_ws/install/getirkurye/share/getirkurye/cmake/ament_cmake_export_libraries-extras.cmake
-- Installing: /home/demirhan/ros2_ws/install/getirkurye/share/getirkurye/cmake/ament_cmake_export_targets-extras.cmake
-- Installing: /home/demirhan/ros2_ws/install/getirkurye/share/getirkurye/cmake/rosidl_cmake_export_typesupport_targets-extras.cmake
-- Installing: /home/demirhan/ros2_ws/install/getirkurye/share/getirkurye/cmake/rosidl_cmake_export_typesupport_libraries-extras.cmake
-- Installing: /home/demirhan/ros2_ws/install/getirkurye/share/getirkurye/cmake/getirkuryeConfig.cmake
-- Installing: /home/demirhan/ros2_ws/install/getirkurye/share/getirkurye/cmake/getirkuryeConfig-version.cmake
-- Installing: /home/demirhan/ros2_ws/install/getirkurye/share/getirkurye/package.xml
