/home/demirhan/ros2_ws/install/dlklc/lib/python3.10/site-packages/dlklc/randomturtlemessages.py
/home/demirhan/ros2_ws/install/dlklc/lib/python3.10/site-packages/dlklc/turtle_move.py
/home/demirhan/ros2_ws/install/dlklc/lib/python3.10/site-packages/dlklc/__init__.py
/home/demirhan/ros2_ws/install/dlklc/lib/python3.10/site-packages/dlklc/client_node.py
/home/demirhan/ros2_ws/install/dlklc/lib/python3.10/site-packages/dlklc/__pycache__/randomturtlemessages.cpython-310.pyc
/home/demirhan/ros2_ws/install/dlklc/lib/python3.10/site-packages/dlklc/__pycache__/turtle_move.cpython-310.pyc
/home/demirhan/ros2_ws/install/dlklc/lib/python3.10/site-packages/dlklc/__pycache__/__init__.cpython-310.pyc
/home/demirhan/ros2_ws/install/dlklc/lib/python3.10/site-packages/dlklc/__pycache__/client_node.cpython-310.pyc
/home/demirhan/ros2_ws/install/dlklc/share/ament_index/resource_index/packages/dlklc
/home/demirhan/ros2_ws/install/dlklc/share/dlklc/package.xml
/home/demirhan/ros2_ws/install/dlklc/share/dlklc/launch/launch_random_turtle_messages.launch.py
/home/demirhan/ros2_ws/install/dlklc/share/dlklc/launch/launch_turtle_move.launch.py
/home/demirhan/ros2_ws/install/dlklc/share/dlklc/srv/SetCoordinates.srv
/home/demirhan/ros2_ws/install/dlklc/share/dlklc/msg/TurtleInfo.msg
/home/demirhan/ros2_ws/install/dlklc/lib/python3.10/site-packages/dlklc-0.0.0-py3.10.egg-info/SOURCES.txt
/home/demirhan/ros2_ws/install/dlklc/lib/python3.10/site-packages/dlklc-0.0.0-py3.10.egg-info/zip-safe
/home/demirhan/ros2_ws/install/dlklc/lib/python3.10/site-packages/dlklc-0.0.0-py3.10.egg-info/entry_points.txt
/home/demirhan/ros2_ws/install/dlklc/lib/python3.10/site-packages/dlklc-0.0.0-py3.10.egg-info/requires.txt
/home/demirhan/ros2_ws/install/dlklc/lib/python3.10/site-packages/dlklc-0.0.0-py3.10.egg-info/PKG-INFO
/home/demirhan/ros2_ws/install/dlklc/lib/python3.10/site-packages/dlklc-0.0.0-py3.10.egg-info/top_level.txt
/home/demirhan/ros2_ws/install/dlklc/lib/python3.10/site-packages/dlklc-0.0.0-py3.10.egg-info/dependency_links.txt
/home/demirhan/ros2_ws/install/dlklc/lib/dlklc/client_node
/home/demirhan/ros2_ws/install/dlklc/lib/dlklc/randomturtlemessages
/home/demirhan/ros2_ws/install/dlklc/lib/dlklc/turtle_move
