[0.325s] Invoking command in '/home/demirhan/ros2_ws/src/dlklc': PYTHONPATH=/home/demirhan/ros2_ws/build/dlklc/prefix_override:/usr/lib/python3/dist-packages/colcon_core/task/python/colcon_distutils_commands:/home/demirhan/ros2_ws/install/dlklc/lib/python3.10/site-packages:${PYTHONPATH} /usr/bin/python3 -W ignore:setup.py install is deprecated -W ignore:easy_install command is deprecated setup.py egg_info --egg-base ../../build/dlklc build --build-base /home/demirhan/ros2_ws/build/dlklc/build install --record /home/demirhan/ros2_ws/build/dlklc/install.log --single-version-externally-managed install_data
[0.448s] running egg_info
[0.448s] writing ../../build/dlklc/dlklc.egg-info/PKG-INFO
[0.448s] writing dependency_links to ../../build/dlklc/dlklc.egg-info/dependency_links.txt
[0.448s] writing entry points to ../../build/dlklc/dlklc.egg-info/entry_points.txt
[0.449s] writing requirements to ../../build/dlklc/dlklc.egg-info/requires.txt
[0.449s] writing top-level names to ../../build/dlklc/dlklc.egg-info/top_level.txt
[0.449s] reading manifest file '../../build/dlklc/dlklc.egg-info/SOURCES.txt'
[0.450s] writing manifest file '../../build/dlklc/dlklc.egg-info/SOURCES.txt'
[0.450s] running build
[0.450s] running build_py
[0.450s] copying dlklc/turtleturn.py -> /home/demirhan/ros2_ws/build/dlklc/build/lib/dlklc
[0.450s] running install
[0.450s] running install_lib
[0.451s] copying /home/demirhan/ros2_ws/build/dlklc/build/lib/dlklc/turtleturn.py -> /home/demirhan/ros2_ws/install/dlklc/lib/python3.10/site-packages/dlklc
[0.451s] byte-compiling /home/demirhan/ros2_ws/install/dlklc/lib/python3.10/site-packages/dlklc/turtleturn.py to turtleturn.cpython-310.pyc
[0.452s] running install_data
[0.452s] running install_egg_info
[0.453s] removing '/home/demirhan/ros2_ws/install/dlklc/lib/python3.10/site-packages/dlklc-0.0.0-py3.10.egg-info' (and everything under it)
[0.453s] Copying ../../build/dlklc/dlklc.egg-info to /home/demirhan/ros2_ws/install/dlklc/lib/python3.10/site-packages/dlklc-0.0.0-py3.10.egg-info
[0.453s] running install_scripts
[0.465s] Installing client_node script to /home/demirhan/ros2_ws/install/dlklc/lib/dlklc
[0.465s] Installing randomturtlemessages script to /home/demirhan/ros2_ws/install/dlklc/lib/dlklc
[0.465s] Installing turtle_move script to /home/demirhan/ros2_ws/install/dlklc/lib/dlklc
[0.465s] Installing turtleturns script to /home/demirhan/ros2_ws/install/dlklc/lib/dlklc
[0.465s] writing list of installed files to '/home/demirhan/ros2_ws/build/dlklc/install.log'
[0.480s] Invoked command in '/home/demirhan/ros2_ws/src/dlklc' returned '0': PYTHONPATH=/home/demirhan/ros2_ws/build/dlklc/prefix_override:/usr/lib/python3/dist-packages/colcon_core/task/python/colcon_distutils_commands:/home/demirhan/ros2_ws/install/dlklc/lib/python3.10/site-packages:${PYTHONPATH} /usr/bin/python3 -W ignore:setup.py install is deprecated -W ignore:easy_install command is deprecated setup.py egg_info --egg-base ../../build/dlklc build --build-base /home/demirhan/ros2_ws/build/dlklc/build install --record /home/demirhan/ros2_ws/build/dlklc/install.log --single-version-externally-managed install_data
