[0.051s] DEBUG:colcon:Command line arguments: ['/usr/bin/colcon', 'build']
[0.051s] DEBUG:colcon:Parsed command line arguments: Namespace(log_base=None, log_level=None, verb_name='build', build_base='build', install_base='install', merge_install=False, symlink_install=False, test_result_base=None, continue_on_error=False, executor='parallel', parallel_workers=20, event_handlers=None, ignore_user_meta=False, metas=['./colcon.meta'], base_paths=['.'], packages_ignore=None, packages_ignore_regex=None, paths=None, packages_up_to=None, packages_up_to_regex=None, packages_above=None, packages_above_and_dependencies=None, packages_above_depth=None, packages_select_by_dep=None, packages_skip_by_dep=None, packages_skip_up_to=None, packages_select_build_failed=False, packages_skip_build_finished=False, packages_select_test_failures=False, packages_skip_test_passed=False, packages_select=None, packages_skip=None, packages_select_regex=None, packages_skip_regex=None, packages_start=None, packages_end=None, allow_overriding=[], cmake_args=None, cmake_target=None, cmake_target_skip_unavailable=False, cmake_clean_cache=False, cmake_clean_first=False, cmake_force_configure=False, ament_cmake_args=None, catkin_cmake_args=None, catkin_skip_building_tests=False, verb_parser=<colcon_defaults.argument_parser.defaults.DefaultArgumentsDecorator object at 0x786569de35b0>, verb_extension=<colcon_core.verb.build.BuildVerb object at 0x786569f6c7f0>, main=<bound method BuildVerb.main of <colcon_core.verb.build.BuildVerb object at 0x786569f6c7f0>>)
[0.129s] Level 1:colcon.colcon_core.package_discovery:discover_packages(colcon_meta) check parameters
[0.130s] Level 1:colcon.colcon_core.package_discovery:discover_packages(recursive) check parameters
[0.130s] Level 1:colcon.colcon_core.package_discovery:discover_packages(ignore) check parameters
[0.130s] Level 1:colcon.colcon_core.package_discovery:discover_packages(path) check parameters
[0.130s] Level 1:colcon.colcon_core.package_discovery:discover_packages(colcon_meta) discover
[0.130s] Level 1:colcon.colcon_core.package_discovery:discover_packages(recursive) discover
[0.130s] INFO:colcon.colcon_core.package_discovery:Crawling recursively for packages in '/home/demirhan/ros2_ws'
[0.130s] Level 1:colcon.colcon_core.package_identification:_identify(.) by extensions ['ignore', 'ignore_ament_install']
[0.130s] Level 1:colcon.colcon_core.package_identification:_identify(.) by extension 'ignore'
[0.130s] Level 1:colcon.colcon_core.package_identification:_identify(.) by extension 'ignore_ament_install'
[0.130s] Level 1:colcon.colcon_core.package_identification:_identify(.) by extensions ['colcon_pkg']
[0.130s] Level 1:colcon.colcon_core.package_identification:_identify(.) by extension 'colcon_pkg'
[0.130s] Level 1:colcon.colcon_core.package_identification:_identify(.) by extensions ['colcon_meta']
[0.130s] Level 1:colcon.colcon_core.package_identification:_identify(.) by extension 'colcon_meta'
[0.130s] Level 1:colcon.colcon_core.package_identification:_identify(.) by extensions ['ros']
[0.130s] Level 1:colcon.colcon_core.package_identification:_identify(.) by extension 'ros'
[0.136s] Level 1:colcon.colcon_core.package_identification:_identify(.) by extensions ['cmake', 'python']
[0.136s] Level 1:colcon.colcon_core.package_identification:_identify(.) by extension 'cmake'
[0.136s] Level 1:colcon.colcon_core.package_identification:_identify(.) by extension 'python'
[0.136s] Level 1:colcon.colcon_core.package_identification:_identify(.) by extensions ['python_setup_py']
[0.136s] Level 1:colcon.colcon_core.package_identification:_identify(.) by extension 'python_setup_py'
[0.137s] Level 1:colcon.colcon_core.package_identification:_identify(build) by extensions ['ignore', 'ignore_ament_install']
[0.137s] Level 1:colcon.colcon_core.package_identification:_identify(build) by extension 'ignore'
[0.137s] Level 1:colcon.colcon_core.package_identification:_identify(build) ignored
[0.137s] Level 1:colcon.colcon_core.package_identification:_identify(install) by extensions ['ignore', 'ignore_ament_install']
[0.137s] Level 1:colcon.colcon_core.package_identification:_identify(install) by extension 'ignore'
[0.137s] Level 1:colcon.colcon_core.package_identification:_identify(install) ignored
[0.137s] Level 1:colcon.colcon_core.package_identification:_identify(log) by extensions ['ignore', 'ignore_ament_install']
[0.137s] Level 1:colcon.colcon_core.package_identification:_identify(log) by extension 'ignore'
[0.137s] Level 1:colcon.colcon_core.package_identification:_identify(log) ignored
[0.137s] Level 1:colcon.colcon_core.package_identification:_identify(src) by extensions ['ignore', 'ignore_ament_install']
[0.137s] Level 1:colcon.colcon_core.package_identification:_identify(src) by extension 'ignore'
[0.137s] Level 1:colcon.colcon_core.package_identification:_identify(src) by extension 'ignore_ament_install'
[0.137s] Level 1:colcon.colcon_core.package_identification:_identify(src) by extensions ['colcon_pkg']
[0.137s] Level 1:colcon.colcon_core.package_identification:_identify(src) by extension 'colcon_pkg'
[0.137s] Level 1:colcon.colcon_core.package_identification:_identify(src) by extensions ['colcon_meta']
[0.137s] Level 1:colcon.colcon_core.package_identification:_identify(src) by extension 'colcon_meta'
[0.137s] Level 1:colcon.colcon_core.package_identification:_identify(src) by extensions ['ros']
[0.137s] Level 1:colcon.colcon_core.package_identification:_identify(src) by extension 'ros'
[0.137s] Level 1:colcon.colcon_core.package_identification:_identify(src) by extensions ['cmake', 'python']
[0.137s] Level 1:colcon.colcon_core.package_identification:_identify(src) by extension 'cmake'
[0.137s] Level 1:colcon.colcon_core.package_identification:_identify(src) by extension 'python'
[0.137s] Level 1:colcon.colcon_core.package_identification:_identify(src) by extensions ['python_setup_py']
[0.137s] Level 1:colcon.colcon_core.package_identification:_identify(src) by extension 'python_setup_py'
[0.137s] Level 1:colcon.colcon_core.package_identification:_identify(src/dlklc) by extensions ['ignore', 'ignore_ament_install']
[0.137s] Level 1:colcon.colcon_core.package_identification:_identify(src/dlklc) by extension 'ignore'
[0.137s] Level 1:colcon.colcon_core.package_identification:_identify(src/dlklc) by extension 'ignore_ament_install'
[0.137s] Level 1:colcon.colcon_core.package_identification:_identify(src/dlklc) by extensions ['colcon_pkg']
[0.137s] Level 1:colcon.colcon_core.package_identification:_identify(src/dlklc) by extension 'colcon_pkg'
[0.137s] Level 1:colcon.colcon_core.package_identification:_identify(src/dlklc) by extensions ['colcon_meta']
[0.137s] Level 1:colcon.colcon_core.package_identification:_identify(src/dlklc) by extension 'colcon_meta'
[0.137s] Level 1:colcon.colcon_core.package_identification:_identify(src/dlklc) by extensions ['ros']
[0.137s] Level 1:colcon.colcon_core.package_identification:_identify(src/dlklc) by extension 'ros'
[0.139s] DEBUG:colcon.colcon_core.package_identification:Package 'src/dlklc' with type 'ros.ament_python' and name 'dlklc'
[0.139s] Level 1:colcon.colcon_core.package_identification:_identify(src/getirkurye) by extensions ['ignore', 'ignore_ament_install']
[0.139s] Level 1:colcon.colcon_core.package_identification:_identify(src/getirkurye) by extension 'ignore'
[0.139s] Level 1:colcon.colcon_core.package_identification:_identify(src/getirkurye) by extension 'ignore_ament_install'
[0.139s] Level 1:colcon.colcon_core.package_identification:_identify(src/getirkurye) by extensions ['colcon_pkg']
[0.139s] Level 1:colcon.colcon_core.package_identification:_identify(src/getirkurye) by extension 'colcon_pkg'
[0.139s] Level 1:colcon.colcon_core.package_identification:_identify(src/getirkurye) by extensions ['colcon_meta']
[0.139s] Level 1:colcon.colcon_core.package_identification:_identify(src/getirkurye) by extension 'colcon_meta'
[0.139s] Level 1:colcon.colcon_core.package_identification:_identify(src/getirkurye) by extensions ['ros']
[0.139s] Level 1:colcon.colcon_core.package_identification:_identify(src/getirkurye) by extension 'ros'
[0.140s] DEBUG:colcon.colcon_core.package_identification:Package 'src/getirkurye' with type 'ros.ament_cmake' and name 'getirkurye'
[0.140s] Level 1:colcon.colcon_core.package_identification:_identify(src/my_robot_controller) by extensions ['ignore', 'ignore_ament_install']
[0.140s] Level 1:colcon.colcon_core.package_identification:_identify(src/my_robot_controller) by extension 'ignore'
[0.140s] Level 1:colcon.colcon_core.package_identification:_identify(src/my_robot_controller) by extension 'ignore_ament_install'
[0.140s] Level 1:colcon.colcon_core.package_identification:_identify(src/my_robot_controller) by extensions ['colcon_pkg']
[0.140s] Level 1:colcon.colcon_core.package_identification:_identify(src/my_robot_controller) by extension 'colcon_pkg'
[0.140s] Level 1:colcon.colcon_core.package_identification:_identify(src/my_robot_controller) by extensions ['colcon_meta']
[0.140s] Level 1:colcon.colcon_core.package_identification:_identify(src/my_robot_controller) by extension 'colcon_meta'
[0.140s] Level 1:colcon.colcon_core.package_identification:_identify(src/my_robot_controller) by extensions ['ros']
[0.140s] Level 1:colcon.colcon_core.package_identification:_identify(src/my_robot_controller) by extension 'ros'
[0.140s] DEBUG:colcon.colcon_core.package_identification:Package 'src/my_robot_controller' with type 'ros.ament_python' and name 'my_robot_controller'
[0.140s] Level 1:colcon.colcon_core.package_discovery:discover_packages(recursive) using defaults
[0.140s] Level 1:colcon.colcon_core.package_discovery:discover_packages(ignore) discover
[0.140s] Level 1:colcon.colcon_core.package_discovery:discover_packages(ignore) using defaults
[0.140s] Level 1:colcon.colcon_core.package_discovery:discover_packages(path) discover
[0.140s] Level 1:colcon.colcon_core.package_discovery:discover_packages(path) using defaults
[0.152s] Level 1:colcon.colcon_core.package_discovery:discover_packages(prefix_path) check parameters
[0.152s] Level 1:colcon.colcon_core.package_discovery:discover_packages(prefix_path) discover
[0.153s] DEBUG:colcon.colcon_installed_package_information.package_discovery:Found 3 installed packages in /home/demirhan/ros2_ws/install
[0.153s] DEBUG:colcon.colcon_installed_package_information.package_discovery:Found 270 installed packages in /opt/ros/humble
[0.154s] Level 1:colcon.colcon_core.package_discovery:discover_packages(prefix_path) using defaults
[0.178s] Level 5:colcon.colcon_core.verb:set package 'getirkurye' build argument 'cmake_args' from command line to 'None'
[0.178s] Level 5:colcon.colcon_core.verb:set package 'getirkurye' build argument 'cmake_target' from command line to 'None'
[0.178s] Level 5:colcon.colcon_core.verb:set package 'getirkurye' build argument 'cmake_target_skip_unavailable' from command line to 'False'
[0.178s] Level 5:colcon.colcon_core.verb:set package 'getirkurye' build argument 'cmake_clean_cache' from command line to 'False'
[0.178s] Level 5:colcon.colcon_core.verb:set package 'getirkurye' build argument 'cmake_clean_first' from command line to 'False'
[0.178s] Level 5:colcon.colcon_core.verb:set package 'getirkurye' build argument 'cmake_force_configure' from command line to 'False'
[0.178s] Level 5:colcon.colcon_core.verb:set package 'getirkurye' build argument 'ament_cmake_args' from command line to 'None'
[0.178s] Level 5:colcon.colcon_core.verb:set package 'getirkurye' build argument 'catkin_cmake_args' from command line to 'None'
[0.178s] Level 5:colcon.colcon_core.verb:set package 'getirkurye' build argument 'catkin_skip_building_tests' from command line to 'False'
[0.178s] DEBUG:colcon.colcon_core.verb:Building package 'getirkurye' with the following arguments: {'ament_cmake_args': None, 'build_base': '/home/demirhan/ros2_ws/build/getirkurye', 'catkin_cmake_args': None, 'catkin_skip_building_tests': False, 'cmake_args': None, 'cmake_clean_cache': False, 'cmake_clean_first': False, 'cmake_force_configure': False, 'cmake_target': None, 'cmake_target_skip_unavailable': False, 'install_base': '/home/demirhan/ros2_ws/install/getirkurye', 'merge_install': False, 'path': '/home/demirhan/ros2_ws/src/getirkurye', 'symlink_install': False, 'test_result_base': None}
[0.178s] Level 5:colcon.colcon_core.verb:set package 'my_robot_controller' build argument 'cmake_args' from command line to 'None'
[0.178s] Level 5:colcon.colcon_core.verb:set package 'my_robot_controller' build argument 'cmake_target' from command line to 'None'
[0.178s] Level 5:colcon.colcon_core.verb:set package 'my_robot_controller' build argument 'cmake_target_skip_unavailable' from command line to 'False'
[0.178s] Level 5:colcon.colcon_core.verb:set package 'my_robot_controller' build argument 'cmake_clean_cache' from command line to 'False'
[0.178s] Level 5:colcon.colcon_core.verb:set package 'my_robot_controller' build argument 'cmake_clean_first' from command line to 'False'
[0.178s] Level 5:colcon.colcon_core.verb:set package 'my_robot_controller' build argument 'cmake_force_configure' from command line to 'False'
[0.178s] Level 5:colcon.colcon_core.verb:set package 'my_robot_controller' build argument 'ament_cmake_args' from command line to 'None'
[0.178s] Level 5:colcon.colcon_core.verb:set package 'my_robot_controller' build argument 'catkin_cmake_args' from command line to 'None'
[0.178s] Level 5:colcon.colcon_core.verb:set package 'my_robot_controller' build argument 'catkin_skip_building_tests' from command line to 'False'
[0.178s] DEBUG:colcon.colcon_core.verb:Building package 'my_robot_controller' with the following arguments: {'ament_cmake_args': None, 'build_base': '/home/demirhan/ros2_ws/build/my_robot_controller', 'catkin_cmake_args': None, 'catkin_skip_building_tests': False, 'cmake_args': None, 'cmake_clean_cache': False, 'cmake_clean_first': False, 'cmake_force_configure': False, 'cmake_target': None, 'cmake_target_skip_unavailable': False, 'install_base': '/home/demirhan/ros2_ws/install/my_robot_controller', 'merge_install': False, 'path': '/home/demirhan/ros2_ws/src/my_robot_controller', 'symlink_install': False, 'test_result_base': None}
[0.178s] Level 5:colcon.colcon_core.verb:set package 'dlklc' build argument 'cmake_args' from command line to 'None'
[0.178s] Level 5:colcon.colcon_core.verb:set package 'dlklc' build argument 'cmake_target' from command line to 'None'
[0.178s] Level 5:colcon.colcon_core.verb:set package 'dlklc' build argument 'cmake_target_skip_unavailable' from command line to 'False'
[0.178s] Level 5:colcon.colcon_core.verb:set package 'dlklc' build argument 'cmake_clean_cache' from command line to 'False'
[0.178s] Level 5:colcon.colcon_core.verb:set package 'dlklc' build argument 'cmake_clean_first' from command line to 'False'
[0.178s] Level 5:colcon.colcon_core.verb:set package 'dlklc' build argument 'cmake_force_configure' from command line to 'False'
[0.178s] Level 5:colcon.colcon_core.verb:set package 'dlklc' build argument 'ament_cmake_args' from command line to 'None'
[0.178s] Level 5:colcon.colcon_core.verb:set package 'dlklc' build argument 'catkin_cmake_args' from command line to 'None'
[0.178s] Level 5:colcon.colcon_core.verb:set package 'dlklc' build argument 'catkin_skip_building_tests' from command line to 'False'
[0.178s] DEBUG:colcon.colcon_core.verb:Building package 'dlklc' with the following arguments: {'ament_cmake_args': None, 'build_base': '/home/demirhan/ros2_ws/build/dlklc', 'catkin_cmake_args': None, 'catkin_skip_building_tests': False, 'cmake_args': None, 'cmake_clean_cache': False, 'cmake_clean_first': False, 'cmake_force_configure': False, 'cmake_target': None, 'cmake_target_skip_unavailable': False, 'install_base': '/home/demirhan/ros2_ws/install/dlklc', 'merge_install': False, 'path': '/home/demirhan/ros2_ws/src/dlklc', 'symlink_install': False, 'test_result_base': None}
[0.178s] INFO:colcon.colcon_core.executor:Executing jobs using 'parallel' executor
[0.179s] DEBUG:colcon.colcon_parallel_executor.executor.parallel:run_until_complete
[0.179s] INFO:colcon.colcon_ros.task.ament_cmake.build:Building ROS package in '/home/demirhan/ros2_ws/src/getirkurye' with build type 'ament_cmake'
[0.179s] INFO:colcon.colcon_cmake.task.cmake.build:Building CMake package in '/home/demirhan/ros2_ws/src/getirkurye'
[0.180s] INFO:colcon.colcon_core.plugin_system:Skipping extension 'colcon_core.shell.bat': Not used on non-Windows systems
[0.180s] INFO:colcon.colcon_core.shell:Skip shell extension 'powershell' for command environment: Not usable outside of PowerShell
[0.181s] DEBUG:colcon.colcon_core.shell:Skip shell extension 'dsv' for command environment
[0.182s] INFO:colcon.colcon_ros.task.ament_python.build:Building ROS package in '/home/demirhan/ros2_ws/src/my_robot_controller' with build type 'ament_python'
[0.182s] Level 1:colcon.colcon_core.shell:create_environment_hook('my_robot_controller', 'ament_prefix_path')
[0.182s] INFO:colcon.colcon_core.shell:Creating environment hook '/home/demirhan/ros2_ws/install/my_robot_controller/share/my_robot_controller/hook/ament_prefix_path.ps1'
[0.183s] INFO:colcon.colcon_core.shell:Creating environment descriptor '/home/demirhan/ros2_ws/install/my_robot_controller/share/my_robot_controller/hook/ament_prefix_path.dsv'
[0.183s] INFO:colcon.colcon_core.shell:Creating environment hook '/home/demirhan/ros2_ws/install/my_robot_controller/share/my_robot_controller/hook/ament_prefix_path.sh'
[0.183s] INFO:colcon.colcon_core.shell:Skip shell extension 'powershell' for command environment: Not usable outside of PowerShell
[0.183s] DEBUG:colcon.colcon_core.shell:Skip shell extension 'dsv' for command environment
[0.188s] DEBUG:colcon.colcon_core.event_handler.log_command:Invoking command in '/home/demirhan/ros2_ws/build/getirkurye': CMAKE_PREFIX_PATH=${CMAKE_PREFIX_PATH}:/home/demirhan/ros2_ws/install/my_robot_controller:/home/demirhan/ros2_ws/install/dlklc:/opt/ros/humble /usr/bin/cmake --build /home/demirhan/ros2_ws/build/getirkurye -- -j20 -l20
[0.332s] INFO:colcon.colcon_core.task.python.build:Building Python package in '/home/demirhan/ros2_ws/src/my_robot_controller'
[0.332s] INFO:colcon.colcon_core.shell:Skip shell extension 'powershell' for command environment: Not usable outside of PowerShell
[0.332s] DEBUG:colcon.colcon_core.shell:Skip shell extension 'dsv' for command environment
[0.384s] DEBUG:colcon.colcon_core.event_handler.log_command:Invoked command in '/home/demirhan/ros2_ws/build/getirkurye' returned '0': CMAKE_PREFIX_PATH=${CMAKE_PREFIX_PATH}:/home/demirhan/ros2_ws/install/my_robot_controller:/home/demirhan/ros2_ws/install/dlklc:/opt/ros/humble /usr/bin/cmake --build /home/demirhan/ros2_ws/build/getirkurye -- -j20 -l20
[0.392s] DEBUG:colcon.colcon_core.event_handler.log_command:Invoking command in '/home/demirhan/ros2_ws/build/getirkurye': CMAKE_PREFIX_PATH=${CMAKE_PREFIX_PATH}:/home/demirhan/ros2_ws/install/my_robot_controller:/home/demirhan/ros2_ws/install/dlklc:/opt/ros/humble /usr/bin/cmake --install /home/demirhan/ros2_ws/build/getirkurye
[0.426s] Level 1:colcon.colcon_core.environment:create_environment_scripts_only(getirkurye)
[0.427s] DEBUG:colcon.colcon_core.event_handler.log_command:Invoked command in '/home/demirhan/ros2_ws/build/getirkurye' returned '0': CMAKE_PREFIX_PATH=${CMAKE_PREFIX_PATH}:/home/demirhan/ros2_ws/install/my_robot_controller:/home/demirhan/ros2_ws/install/dlklc:/opt/ros/humble /usr/bin/cmake --install /home/demirhan/ros2_ws/build/getirkurye
[0.428s] Level 1:colcon.colcon_core.environment:checking '/home/demirhan/ros2_ws/install/getirkurye' for CMake module files
[0.428s] Level 1:colcon.colcon_core.environment:checking '/home/demirhan/ros2_ws/install/getirkurye' for CMake config files
[0.428s] Level 1:colcon.colcon_core.shell:create_environment_hook('getirkurye', 'cmake_prefix_path')
[0.429s] INFO:colcon.colcon_core.shell:Creating environment hook '/home/demirhan/ros2_ws/install/getirkurye/share/getirkurye/hook/cmake_prefix_path.ps1'
[0.429s] INFO:colcon.colcon_core.shell:Creating environment descriptor '/home/demirhan/ros2_ws/install/getirkurye/share/getirkurye/hook/cmake_prefix_path.dsv'
[0.429s] INFO:colcon.colcon_core.shell:Creating environment hook '/home/demirhan/ros2_ws/install/getirkurye/share/getirkurye/hook/cmake_prefix_path.sh'
[0.430s] Level 1:colcon.colcon_core.environment:checking '/home/demirhan/ros2_ws/install/getirkurye/lib'
[0.430s] Level 1:colcon.colcon_core.shell:create_environment_hook('getirkurye', 'ld_library_path_lib')
[0.430s] INFO:colcon.colcon_core.shell:Creating environment hook '/home/demirhan/ros2_ws/install/getirkurye/share/getirkurye/hook/ld_library_path_lib.ps1'
[0.430s] INFO:colcon.colcon_core.shell:Creating environment descriptor '/home/demirhan/ros2_ws/install/getirkurye/share/getirkurye/hook/ld_library_path_lib.dsv'
[0.431s] INFO:colcon.colcon_core.shell:Creating environment hook '/home/demirhan/ros2_ws/install/getirkurye/share/getirkurye/hook/ld_library_path_lib.sh'
[0.431s] Level 1:colcon.colcon_core.environment:checking '/home/demirhan/ros2_ws/install/getirkurye/bin'
[0.431s] Level 1:colcon.colcon_core.environment:checking '/home/demirhan/ros2_ws/install/getirkurye/lib/pkgconfig/getirkurye.pc'
[0.431s] Level 1:colcon.colcon_core.environment:checking '/home/demirhan/ros2_ws/install/getirkurye/lib/python3.10/site-packages'
[0.431s] Level 1:colcon.colcon_core.environment:checking '/home/demirhan/ros2_ws/install/getirkurye/bin'
[0.431s] INFO:colcon.colcon_core.shell:Creating package script '/home/demirhan/ros2_ws/install/getirkurye/share/getirkurye/package.ps1'
[0.432s] INFO:colcon.colcon_core.shell:Creating package descriptor '/home/demirhan/ros2_ws/install/getirkurye/share/getirkurye/package.dsv'
[0.432s] INFO:colcon.colcon_core.shell:Creating package script '/home/demirhan/ros2_ws/install/getirkurye/share/getirkurye/package.sh'
[0.433s] INFO:colcon.colcon_core.shell:Creating package script '/home/demirhan/ros2_ws/install/getirkurye/share/getirkurye/package.bash'
[0.433s] INFO:colcon.colcon_core.shell:Creating package script '/home/demirhan/ros2_ws/install/getirkurye/share/getirkurye/package.zsh'
[0.434s] Level 1:colcon.colcon_core.environment:create_file_with_runtime_dependencies(/home/demirhan/ros2_ws/install/getirkurye/share/colcon-core/packages/getirkurye)
[0.434s] Level 1:colcon.colcon_core.environment:create_environment_scripts_only(getirkurye)
[0.434s] Level 1:colcon.colcon_core.environment:checking '/home/demirhan/ros2_ws/install/getirkurye' for CMake module files
[0.434s] Level 1:colcon.colcon_core.environment:checking '/home/demirhan/ros2_ws/install/getirkurye' for CMake config files
[0.435s] Level 1:colcon.colcon_core.shell:create_environment_hook('getirkurye', 'cmake_prefix_path')
[0.435s] INFO:colcon.colcon_core.shell:Creating environment hook '/home/demirhan/ros2_ws/install/getirkurye/share/getirkurye/hook/cmake_prefix_path.ps1'
[0.435s] INFO:colcon.colcon_core.shell:Creating environment descriptor '/home/demirhan/ros2_ws/install/getirkurye/share/getirkurye/hook/cmake_prefix_path.dsv'
[0.435s] INFO:colcon.colcon_core.shell:Creating environment hook '/home/demirhan/ros2_ws/install/getirkurye/share/getirkurye/hook/cmake_prefix_path.sh'
[0.435s] Level 1:colcon.colcon_core.environment:checking '/home/demirhan/ros2_ws/install/getirkurye/lib'
[0.435s] Level 1:colcon.colcon_core.shell:create_environment_hook('getirkurye', 'ld_library_path_lib')
[0.436s] INFO:colcon.colcon_core.shell:Creating environment hook '/home/demirhan/ros2_ws/install/getirkurye/share/getirkurye/hook/ld_library_path_lib.ps1'
[0.436s] INFO:colcon.colcon_core.shell:Creating environment descriptor '/home/demirhan/ros2_ws/install/getirkurye/share/getirkurye/hook/ld_library_path_lib.dsv'
[0.436s] INFO:colcon.colcon_core.shell:Creating environment hook '/home/demirhan/ros2_ws/install/getirkurye/share/getirkurye/hook/ld_library_path_lib.sh'
[0.436s] Level 1:colcon.colcon_core.environment:checking '/home/demirhan/ros2_ws/install/getirkurye/bin'
[0.436s] Level 1:colcon.colcon_core.environment:checking '/home/demirhan/ros2_ws/install/getirkurye/lib/pkgconfig/getirkurye.pc'
[0.436s] Level 1:colcon.colcon_core.environment:checking '/home/demirhan/ros2_ws/install/getirkurye/lib/python3.10/site-packages'
[0.436s] Level 1:colcon.colcon_core.environment:checking '/home/demirhan/ros2_ws/install/getirkurye/bin'
[0.437s] INFO:colcon.colcon_core.shell:Creating package script '/home/demirhan/ros2_ws/install/getirkurye/share/getirkurye/package.ps1'
[0.437s] INFO:colcon.colcon_core.shell:Creating package descriptor '/home/demirhan/ros2_ws/install/getirkurye/share/getirkurye/package.dsv'
[0.437s] INFO:colcon.colcon_core.shell:Creating package script '/home/demirhan/ros2_ws/install/getirkurye/share/getirkurye/package.sh'
[0.437s] INFO:colcon.colcon_core.shell:Creating package script '/home/demirhan/ros2_ws/install/getirkurye/share/getirkurye/package.bash'
[0.437s] INFO:colcon.colcon_core.shell:Creating package script '/home/demirhan/ros2_ws/install/getirkurye/share/getirkurye/package.zsh'
[0.438s] Level 1:colcon.colcon_core.environment:create_file_with_runtime_dependencies(/home/demirhan/ros2_ws/install/getirkurye/share/colcon-core/packages/getirkurye)
[0.438s] INFO:colcon.colcon_ros.task.ament_python.build:Building ROS package in '/home/demirhan/ros2_ws/src/dlklc' with build type 'ament_python'
[0.438s] Level 1:colcon.colcon_core.shell:create_environment_hook('dlklc', 'ament_prefix_path')
[0.438s] INFO:colcon.colcon_core.shell:Creating environment hook '/home/demirhan/ros2_ws/install/dlklc/share/dlklc/hook/ament_prefix_path.ps1'
[0.438s] INFO:colcon.colcon_core.shell:Creating environment descriptor '/home/demirhan/ros2_ws/install/dlklc/share/dlklc/hook/ament_prefix_path.dsv'
[0.439s] INFO:colcon.colcon_core.shell:Creating environment hook '/home/demirhan/ros2_ws/install/dlklc/share/dlklc/hook/ament_prefix_path.sh'
[0.439s] INFO:colcon.colcon_core.shell:Skip shell extension 'powershell' for command environment: Not usable outside of PowerShell
[0.439s] DEBUG:colcon.colcon_core.shell:Skip shell extension 'dsv' for command environment
[0.582s] INFO:colcon.colcon_core.task.python.build:Building Python package in '/home/demirhan/ros2_ws/src/dlklc'
[0.582s] INFO:colcon.colcon_core.shell:Skip shell extension 'powershell' for command environment: Not usable outside of PowerShell
[0.582s] DEBUG:colcon.colcon_core.shell:Skip shell extension 'dsv' for command environment
[0.586s] DEBUG:colcon.colcon_core.event_handler.log_command:Invoking command in '/home/demirhan/ros2_ws/src/my_robot_controller': PYTHONPATH=/home/demirhan/ros2_ws/build/my_robot_controller/prefix_override:/usr/lib/python3/dist-packages/colcon_core/task/python/colcon_distutils_commands:/home/demirhan/ros2_ws/install/my_robot_controller/lib/python3.10/site-packages:${PYTHONPATH} /usr/bin/python3 -W ignore:setup.py install is deprecated -W ignore:easy_install command is deprecated setup.py egg_info --egg-base ../../build/my_robot_controller build --build-base /home/demirhan/ros2_ws/build/my_robot_controller/build install --record /home/demirhan/ros2_ws/build/my_robot_controller/install.log --single-version-externally-managed install_data
[0.769s] Level 1:colcon.colcon_core.environment:checking '/home/demirhan/ros2_ws/install/my_robot_controller' for CMake module files
[0.769s] DEBUG:colcon.colcon_core.event_handler.log_command:Invoked command in '/home/demirhan/ros2_ws/src/my_robot_controller' returned '0': PYTHONPATH=/home/demirhan/ros2_ws/build/my_robot_controller/prefix_override:/usr/lib/python3/dist-packages/colcon_core/task/python/colcon_distutils_commands:/home/demirhan/ros2_ws/install/my_robot_controller/lib/python3.10/site-packages:${PYTHONPATH} /usr/bin/python3 -W ignore:setup.py install is deprecated -W ignore:easy_install command is deprecated setup.py egg_info --egg-base ../../build/my_robot_controller build --build-base /home/demirhan/ros2_ws/build/my_robot_controller/build install --record /home/demirhan/ros2_ws/build/my_robot_controller/install.log --single-version-externally-managed install_data
[0.770s] Level 1:colcon.colcon_core.environment:checking '/home/demirhan/ros2_ws/install/my_robot_controller' for CMake config files
[0.770s] Level 1:colcon.colcon_core.environment:checking '/home/demirhan/ros2_ws/install/my_robot_controller/lib'
[0.770s] Level 1:colcon.colcon_core.environment:checking '/home/demirhan/ros2_ws/install/my_robot_controller/bin'
[0.770s] Level 1:colcon.colcon_core.environment:checking '/home/demirhan/ros2_ws/install/my_robot_controller/lib/pkgconfig/my_robot_controller.pc'
[0.770s] Level 1:colcon.colcon_core.environment:checking '/home/demirhan/ros2_ws/install/my_robot_controller/lib/python3.10/site-packages'
[0.771s] Level 1:colcon.colcon_core.shell:create_environment_hook('my_robot_controller', 'pythonpath')
[0.771s] INFO:colcon.colcon_core.shell:Creating environment hook '/home/demirhan/ros2_ws/install/my_robot_controller/share/my_robot_controller/hook/pythonpath.ps1'
[0.771s] INFO:colcon.colcon_core.shell:Creating environment descriptor '/home/demirhan/ros2_ws/install/my_robot_controller/share/my_robot_controller/hook/pythonpath.dsv'
[0.771s] INFO:colcon.colcon_core.shell:Creating environment hook '/home/demirhan/ros2_ws/install/my_robot_controller/share/my_robot_controller/hook/pythonpath.sh'
[0.772s] Level 1:colcon.colcon_core.environment:checking '/home/demirhan/ros2_ws/install/my_robot_controller/bin'
[0.772s] Level 1:colcon.colcon_core.environment:create_environment_scripts_only(my_robot_controller)
[0.772s] INFO:colcon.colcon_core.shell:Creating package script '/home/demirhan/ros2_ws/install/my_robot_controller/share/my_robot_controller/package.ps1'
[0.772s] INFO:colcon.colcon_core.shell:Creating package descriptor '/home/demirhan/ros2_ws/install/my_robot_controller/share/my_robot_controller/package.dsv'
[0.773s] INFO:colcon.colcon_core.shell:Creating package script '/home/demirhan/ros2_ws/install/my_robot_controller/share/my_robot_controller/package.sh'
[0.773s] INFO:colcon.colcon_core.shell:Creating package script '/home/demirhan/ros2_ws/install/my_robot_controller/share/my_robot_controller/package.bash'
[0.773s] INFO:colcon.colcon_core.shell:Creating package script '/home/demirhan/ros2_ws/install/my_robot_controller/share/my_robot_controller/package.zsh'
[0.773s] Level 1:colcon.colcon_core.environment:create_file_with_runtime_dependencies(/home/demirhan/ros2_ws/install/my_robot_controller/share/colcon-core/packages/my_robot_controller)
[0.784s] DEBUG:colcon.colcon_core.event_handler.log_command:Invoking command in '/home/demirhan/ros2_ws/src/dlklc': PYTHONPATH=/home/demirhan/ros2_ws/build/dlklc/prefix_override:/usr/lib/python3/dist-packages/colcon_core/task/python/colcon_distutils_commands:/home/demirhan/ros2_ws/install/dlklc/lib/python3.10/site-packages:${PYTHONPATH} /usr/bin/python3 -W ignore:setup.py install is deprecated -W ignore:easy_install command is deprecated setup.py egg_info --egg-base ../../build/dlklc build --build-base /home/demirhan/ros2_ws/build/dlklc/build install --record /home/demirhan/ros2_ws/build/dlklc/install.log --single-version-externally-managed install_data
[0.935s] Level 1:colcon.colcon_core.environment:checking '/home/demirhan/ros2_ws/install/dlklc' for CMake module files
[0.935s] DEBUG:colcon.colcon_core.event_handler.log_command:Invoked command in '/home/demirhan/ros2_ws/src/dlklc' returned '0': PYTHONPATH=/home/demirhan/ros2_ws/build/dlklc/prefix_override:/usr/lib/python3/dist-packages/colcon_core/task/python/colcon_distutils_commands:/home/demirhan/ros2_ws/install/dlklc/lib/python3.10/site-packages:${PYTHONPATH} /usr/bin/python3 -W ignore:setup.py install is deprecated -W ignore:easy_install command is deprecated setup.py egg_info --egg-base ../../build/dlklc build --build-base /home/demirhan/ros2_ws/build/dlklc/build install --record /home/demirhan/ros2_ws/build/dlklc/install.log --single-version-externally-managed install_data
[0.936s] Level 1:colcon.colcon_core.environment:checking '/home/demirhan/ros2_ws/install/dlklc' for CMake config files
[0.936s] Level 1:colcon.colcon_core.environment:checking '/home/demirhan/ros2_ws/install/dlklc/lib'
[0.936s] Level 1:colcon.colcon_core.environment:checking '/home/demirhan/ros2_ws/install/dlklc/bin'
[0.936s] Level 1:colcon.colcon_core.environment:checking '/home/demirhan/ros2_ws/install/dlklc/lib/pkgconfig/dlklc.pc'
[0.936s] Level 1:colcon.colcon_core.environment:checking '/home/demirhan/ros2_ws/install/dlklc/lib/python3.10/site-packages'
[0.936s] Level 1:colcon.colcon_core.shell:create_environment_hook('dlklc', 'pythonpath')
[0.936s] INFO:colcon.colcon_core.shell:Creating environment hook '/home/demirhan/ros2_ws/install/dlklc/share/dlklc/hook/pythonpath.ps1'
[0.937s] INFO:colcon.colcon_core.shell:Creating environment descriptor '/home/demirhan/ros2_ws/install/dlklc/share/dlklc/hook/pythonpath.dsv'
[0.937s] INFO:colcon.colcon_core.shell:Creating environment hook '/home/demirhan/ros2_ws/install/dlklc/share/dlklc/hook/pythonpath.sh'
[0.937s] Level 1:colcon.colcon_core.environment:checking '/home/demirhan/ros2_ws/install/dlklc/bin'
[0.937s] Level 1:colcon.colcon_core.environment:create_environment_scripts_only(dlklc)
[0.937s] INFO:colcon.colcon_core.shell:Creating package script '/home/demirhan/ros2_ws/install/dlklc/share/dlklc/package.ps1'
[0.938s] INFO:colcon.colcon_core.shell:Creating package descriptor '/home/demirhan/ros2_ws/install/dlklc/share/dlklc/package.dsv'
[0.938s] INFO:colcon.colcon_core.shell:Creating package script '/home/demirhan/ros2_ws/install/dlklc/share/dlklc/package.sh'
[0.938s] INFO:colcon.colcon_core.shell:Creating package script '/home/demirhan/ros2_ws/install/dlklc/share/dlklc/package.bash'
[0.938s] INFO:colcon.colcon_core.shell:Creating package script '/home/demirhan/ros2_ws/install/dlklc/share/dlklc/package.zsh'
[0.939s] Level 1:colcon.colcon_core.environment:create_file_with_runtime_dependencies(/home/demirhan/ros2_ws/install/dlklc/share/colcon-core/packages/dlklc)
[0.939s] DEBUG:colcon.colcon_parallel_executor.executor.parallel:closing loop
[0.939s] DEBUG:colcon.colcon_parallel_executor.executor.parallel:loop closed
[0.939s] DEBUG:colcon.colcon_parallel_executor.executor.parallel:run_until_complete finished with '0'
[0.939s] DEBUG:colcon.colcon_core.event_reactor:joining thread
[0.942s] INFO:colcon.colcon_core.plugin_system:Skipping extension 'colcon_notification.desktop_notification.terminal_notifier': Not used on non-Darwin systems
[0.942s] INFO:colcon.colcon_core.plugin_system:Skipping extension 'colcon_notification.desktop_notification.win32': Not used on non-Windows systems
[0.942s] INFO:colcon.colcon_notification.desktop_notification:Sending desktop notification using 'notify2'
[0.951s] DEBUG:colcon.colcon_core.event_reactor:joined thread
[0.951s] INFO:colcon.colcon_core.shell:Creating prefix script '/home/demirhan/ros2_ws/install/local_setup.ps1'
[0.952s] INFO:colcon.colcon_core.shell:Creating prefix util module '/home/demirhan/ros2_ws/install/_local_setup_util_ps1.py'
[0.953s] INFO:colcon.colcon_core.shell:Creating prefix chain script '/home/demirhan/ros2_ws/install/setup.ps1'
[0.954s] INFO:colcon.colcon_core.shell:Creating prefix script '/home/demirhan/ros2_ws/install/local_setup.sh'
[0.955s] INFO:colcon.colcon_core.shell:Creating prefix util module '/home/demirhan/ros2_ws/install/_local_setup_util_sh.py'
[0.956s] INFO:colcon.colcon_core.shell:Creating prefix chain script '/home/demirhan/ros2_ws/install/setup.sh'
[0.957s] INFO:colcon.colcon_core.shell:Creating prefix script '/home/demirhan/ros2_ws/install/local_setup.bash'
[0.957s] INFO:colcon.colcon_core.shell:Creating prefix chain script '/home/demirhan/ros2_ws/install/setup.bash'
[0.958s] INFO:colcon.colcon_core.shell:Creating prefix script '/home/demirhan/ros2_ws/install/local_setup.zsh'
[0.958s] INFO:colcon.colcon_core.shell:Creating prefix chain script '/home/demirhan/ros2_ws/install/setup.zsh'
