[0.008s] Invoking command in '/home/demirhan/ros2_ws/build/getirkurye': CMAKE_PREFIX_PATH=/home/demirhan/ros2_ws/install/my_robot_controller:/home/demirhan/ros2_ws/install/dlklc:/opt/ros/humble /usr/bin/cmake /home/demirhan/ros2_ws/src/getirkurye -DCMAKE_INSTALL_PREFIX=/home/demirhan/ros2_ws/install/getirkurye
[0.016s] -- Found ament_cmake: 1.3.10 (/opt/ros/humble/share/ament_cmake/cmake)
[0.090s] -- Found geometry_msgs: 4.2.4 (/opt/ros/humble/share/geometry_msgs/cmake)
[0.103s] -- Found rosidl_generator_c: 3.1.5 (/opt/ros/humble/share/rosidl_generator_c/cmake)
[0.104s] -- Found rosidl_adapter: 3.1.5 (/opt/ros/humble/share/rosidl_adapter/cmake)
[0.107s] -- Found rosidl_generator_cpp: 3.1.5 (/opt/ros/humble/share/rosidl_generator_cpp/cmake)
[0.112s] -- Using all available rosidl_typesupport_c: rosidl_typesupport_fastrtps_c;rosidl_typesupport_introspection_c
[0.119s] -- Using all available rosidl_typesupport_cpp: rosidl_typesupport_fastrtps_cpp;rosidl_typesupport_introspection_cpp
[0.138s] -- Found rosidl_default_generators: 1.2.0 (/opt/ros/humble/share/rosidl_default_generators/cmake)
[0.236s] [31mCMake Error at /opt/ros/humble/share/rosidl_adapter/cmake/rosidl_adapt_interfaces.cmake:59 (message):
[0.236s]   execute_process(/usr/bin/python3 -m rosidl_adapter --package-name
[0.236s]   getirkurye --arguments-file
[0.236s]   /home/demirhan/ros2_ws/build/getirkurye/rosidl_adapter__arguments__getirkurye.json
[0.236s]   --output-dir
[0.236s]   /home/demirhan/ros2_ws/build/getirkurye/rosidl_adapter/getirkurye
[0.236s]   --output-file
[0.236s]   /home/demirhan/ros2_ws/build/getirkurye/rosidl_adapter/getirkurye.idls)
[0.236s]   returned error code 1:
[0.236s] 
[0.236s]   Traceback (most recent call last):
[0.236s] 
[0.236s]     File "/usr/lib/python3.10/runpy.py", line 196, in _run_module_as_main
[0.236s]       return _run_code(code, main_globals, None,
[0.236s]     File "/usr/lib/python3.10/runpy.py", line 86, in _run_code
[0.236s]       exec(code, run_globals)
[0.236s]     File "/opt/ros/humble/local/lib/python3.10/dist-packages/rosidl_adapter/__main__.py", line 19, in <module>
[0.237s]       sys.exit(main())
[0.237s]     File "/opt/ros/humble/local/lib/python3.10/dist-packages/rosidl_adapter/main.py", line 53, in main
[0.237s]       abs_idl_file = convert_to_idl(
[0.237s]     File "/opt/ros/humble/local/lib/python3.10/dist-packages/rosidl_adapter/__init__.py", line 19, in convert_to_idl
[0.237s]       return convert_msg_to_idl(
[0.237s]     File "/opt/ros/humble/local/lib/python3.10/dist-packages/rosidl_adapter/msg/__init__.py", line 28, in convert_msg_to_idl
[0.237s]       msg = parse_message_string(package_name, input_file.stem, content)
[0.237s]     File "/opt/ros/humble/local/lib/python3.10/dist-packages/rosidl_adapter/parser.py", line 544, in parse_message_string
[0.237s]       msg = MessageSpecification(pkg_name, msg_name, fields, constants)
[0.237s]     File "/opt/ros/humble/local/lib/python3.10/dist-packages/rosidl_adapter/parser.py", line 388, in __init__
[0.237s]       self.base_type = BaseType(
[0.237s]     File "/opt/ros/humble/local/lib/python3.10/dist-packages/rosidl_adapter/parser.py", line 205, in __init__
[0.237s]       raise InvalidResourceName(
[0.237s] 
[0.237s]   rosidl_adapter.parser.InvalidResourceName: 'Turtle_info' is an invalid
[0.237s]   message name.  It should have the pattern '^[A-Z][A-Za-z0-9]*$'
[0.237s] 
[0.237s] Call Stack (most recent call first):
[0.237s]   /opt/ros/humble/share/rosidl_cmake/cmake/rosidl_generate_interfaces.cmake:130 (rosidl_adapt_interfaces)
[0.237s]   CMakeLists.txt:14 (rosidl_generate_interfaces)
[0.237s] 
[0.237s] [0m
[0.237s] -- Configuring incomplete, errors occurred!
[0.237s] See also "/home/demirhan/ros2_ws/build/getirkurye/CMakeFiles/CMakeOutput.log".
[0.239s] Invoked command in '/home/demirhan/ros2_ws/build/getirkurye' returned '1': CMAKE_PREFIX_PATH=/home/demirhan/ros2_ws/install/my_robot_controller:/home/demirhan/ros2_ws/install/dlklc:/opt/ros/humble /usr/bin/cmake /home/demirhan/ros2_ws/src/getirkurye -DCMAKE_INSTALL_PREFIX=/home/demirhan/ros2_ws/install/getirkurye
